This file contains any messages produced by compilers while
running configure, to aid debugging if configure makes a mistake.

It was created by gutenprint configure 5.2.9, which was
generated by GNU Autoconf 2.68.  Invocation command line was

  $ ./configure 

## --------- ##
## Platform. ##
## --------- ##

hostname = localhost.localdomain
uname -m = i686
uname -r = 3.9.5-301.fc19.i686
uname -s = Linux
uname -v = #1 SMP Tue Jun 11 20:01:50 UTC 2013

/usr/bin/uname -p = i686
/bin/uname -X     = unknown

/bin/arch              = i686
/usr/bin/arch -k       = unknown
/usr/convex/getsysinfo = unknown
/usr/bin/hostinfo      = unknown
/bin/machine           = unknown
/usr/bin/oslevel       = unknown
/bin/universe          = unknown

PATH: /usr/lib/qt-3.3/bin
PATH: /usr/libexec/lightdm
PATH: /usr/local/bin
PATH: /usr/bin
PATH: /bin
PATH: /usr/local/sbin
PATH: /usr/sbin
PATH: /home/tatung/.local/bin
PATH: /home/tatung/bin


## ----------- ##
## Core tests. ##
## ----------- ##

configure:2615: checking for a BSD-compatible install
configure:2683: result: /usr/bin/install -c
configure:2694: checking whether build environment is sane
configure:2744: result: yes
configure:2885: checking for a thread-safe mkdir -p
configure:2924: result: /usr/bin/mkdir -p
configure:2937: checking for gawk
configure:2953: found /usr/bin/gawk
configure:2964: result: gawk
configure:2975: checking whether make sets $(MAKE)
configure:2997: result: yes
configure:3072: checking how to create a ustar tar archive
configure:3085: tar --version
tar (GNU tar) 1.26
Copyright (C) 2011 Free Software Foundation, Inc.
License GPLv3+: GNU GPL version 3 or later <http://gnu.org/licenses/gpl.html>.
This is free software: you are free to change and redistribute it.
There is NO WARRANTY, to the extent permitted by law.

Written by John Gilmore and Jay Fenlason.
configure:3088: $? = 0
configure:3128: tardir=conftest.dir && eval tar --format=ustar -chf - "$tardir" >conftest.tar
configure:3131: $? = 0
configure:3135: tar -xf - <conftest.tar
configure:3138: $? = 0
configure:3151: result: gnutar
configure:3243: checking build system type
configure:3257: result: i686-pc-linux-gnu
configure:3277: checking host system type
configure:3290: result: i686-pc-linux-gnu
configure:3331: checking how to print strings
configure:3358: result: printf
configure:3391: checking for style of include used by make
configure:3419: result: GNU
configure:3489: checking for gcc
configure:3505: found /usr/bin/gcc
configure:3516: result: gcc
configure:3745: checking for C compiler version
configure:3754: gcc --version >&5
gcc (GCC) 4.8.2 20131017 (Red Hat 4.8.2-1)
Copyright (C) 2013 Free Software Foundation, Inc.
This is free software; see the source for copying conditions.  There is NO
warranty; not even for MERCHANTABILITY or FITNESS FOR A PARTICULAR PURPOSE.

configure:3765: $? = 0
configure:3754: gcc -v >&5
Using built-in specs.
COLLECT_GCC=gcc
COLLECT_LTO_WRAPPER=/usr/libexec/gcc/i686-redhat-linux/4.8.2/lto-wrapper
Target: i686-redhat-linux
Configured with: ../configure --prefix=/usr --mandir=/usr/share/man --infodir=/usr/share/info --with-bugurl=http://bugzilla.redhat.com/bugzilla --enable-bootstrap --enable-shared --enable-threads=posix --enable-checking=release --with-system-zlib --enable-__cxa_atexit --disable-libunwind-exceptions --enable-gnu-unique-object --enable-linker-build-id --with-linker-hash-style=gnu --enable-languages=c,c++,objc,obj-c++,java,fortran,ada,go,lto --enable-plugin --enable-initfini-array --enable-java-awt=gtk --disable-dssi --with-java-home=/usr/lib/jvm/java-1.5.0-gcj-1.5.0.0/jre --enable-libgcj-multifile --enable-java-maintainer-mode --with-ecj-jar=/usr/share/java/eclipse-ecj.jar --disable-libjava-multilib --with-isl=/builddir/build/BUILD/gcc-4.8.2-20131017/obj-i686-redhat-linux/isl-install --with-cloog=/builddir/build/BUILD/gcc-4.8.2-20131017/obj-i686-redhat-linux/cloog-install --with-tune=generic --with-arch=i686 --build=i686-redhat-linux
Thread model: posix
gcc version 4.8.2 20131017 (Red Hat 4.8.2-1) (GCC) 
configure:3765: $? = 0
configure:3754: gcc -V >&5
gcc: error: unrecognized command line option '-V'
gcc: fatal error: no input files
compilation terminated.
configure:3765: $? = 4
configure:3754: gcc -qversion >&5
gcc: error: unrecognized command line option '-qversion'
gcc: fatal error: no input files
compilation terminated.
configure:3765: $? = 4
configure:3785: checking whether the C compiler works
configure:3807: gcc    conftest.c  >&5
configure:3811: $? = 0
configure:3859: result: yes
configure:3862: checking for C compiler default output file name
configure:3864: result: a.out
configure:3870: checking for suffix of executables
configure:3877: gcc -o conftest    conftest.c  >&5
configure:3881: $? = 0
configure:3903: result: 
configure:3925: checking whether we are cross compiling
configure:3933: gcc -o conftest    conftest.c  >&5
configure:3937: $? = 0
configure:3944: ./conftest
configure:3948: $? = 0
configure:3963: result: no
configure:3968: checking for suffix of object files
configure:3990: gcc -c   conftest.c >&5
configure:3994: $? = 0
configure:4015: result: o
configure:4019: checking whether we are using the GNU C compiler
configure:4038: gcc -c   conftest.c >&5
configure:4038: $? = 0
configure:4047: result: yes
configure:4056: checking whether gcc accepts -g
configure:4076: gcc -c -g  conftest.c >&5
configure:4076: $? = 0
configure:4117: result: yes
configure:4134: checking for gcc option to accept ISO C89
configure:4198: gcc  -c   conftest.c >&5
configure:4198: $? = 0
configure:4211: result: none needed
configure:4233: checking dependency style of gcc
configure:4343: result: gcc3
configure:4358: checking for a sed that does not truncate output
configure:4422: result: /usr/bin/sed
configure:4440: checking for grep that handles long lines and -e
configure:4498: result: /usr/bin/grep
configure:4503: checking for egrep
configure:4565: result: /usr/bin/grep -E
configure:4570: checking for fgrep
configure:4632: result: /usr/bin/grep -F
configure:4667: checking for ld used by gcc
configure:4734: result: /usr/bin/ld
configure:4741: checking if the linker (/usr/bin/ld) is GNU ld
configure:4756: result: yes
configure:4768: checking for BSD- or MS-compatible name lister (nm)
configure:4817: result: /usr/bin/nm -B
configure:4947: checking the name lister (/usr/bin/nm -B) interface
configure:4954: gcc -c   conftest.c >&5
configure:4957: /usr/bin/nm -B "conftest.o"
configure:4960: output
00000000 B some_variable
configure:4967: result: BSD nm
configure:4970: checking whether ln -s works
configure:4974: result: yes
configure:4982: checking the maximum length of command line arguments
configure:5107: result: 1572864
configure:5124: checking whether the shell understands some XSI constructs
configure:5134: result: yes
configure:5138: checking whether the shell understands "+="
configure:5144: result: yes
configure:5179: checking how to convert i686-pc-linux-gnu file names to i686-pc-linux-gnu format
configure:5219: result: func_convert_file_noop
configure:5226: checking how to convert i686-pc-linux-gnu file names to toolchain format
configure:5246: result: func_convert_file_noop
configure:5253: checking for /usr/bin/ld option to reload object files
configure:5260: result: -r
configure:5334: checking for objdump
configure:5350: found /usr/bin/objdump
configure:5361: result: objdump
configure:5393: checking how to recognize dependent libraries
configure:5595: result: pass_all
configure:5680: checking for dlltool
configure:5710: result: no
configure:5740: checking how to associate runtime and link libraries
configure:5767: result: printf %s\n
configure:5828: checking for ar
configure:5844: found /usr/bin/ar
configure:5855: result: ar
configure:5892: checking for archiver @FILE support
configure:5909: gcc -c   conftest.c >&5
configure:5909: $? = 0
configure:5912: ar cru libconftest.a @conftest.lst >&5
configure:5915: $? = 0
configure:5920: ar cru libconftest.a @conftest.lst >&5
ar: conftest.o: No such file or directory
configure:5923: $? = 1
configure:5935: result: @
configure:5993: checking for strip
configure:6009: found /usr/bin/strip
configure:6020: result: strip
configure:6092: checking for ranlib
configure:6108: found /usr/bin/ranlib
configure:6119: result: ranlib
configure:6221: checking command to parse /usr/bin/nm -B output from gcc object
configure:6340: gcc -c   conftest.c >&5
configure:6343: $? = 0
configure:6347: /usr/bin/nm -B conftest.o \| sed -n -e 's/^.*[ ]\([ABCDGIRSTW][ABCDGIRSTW]*\)[ ][ ]*\([_A-Za-z][_A-Za-z0-9]*\)$/\1 \2 \2/p' | sed '/ __gnu_lto/d' \> conftest.nm
configure:6350: $? = 0
configure:6416: gcc -o conftest    conftest.c conftstm.o >&5
configure:6419: $? = 0
configure:6457: result: ok
configure:6494: checking for sysroot
configure:6524: result: no
configure:6767: checking for mt
configure:6797: result: no
configure:6817: checking if : is a manifest tool
configure:6823: : '-?'
configure:6831: result: no
configure:7463: checking how to run the C preprocessor
configure:7494: gcc -E  conftest.c
configure:7494: $? = 0
configure:7508: gcc -E  conftest.c
conftest.c:11:28: fatal error: ac_nonexistent.h: No such file or directory
 #include <ac_nonexistent.h>
                            ^
compilation terminated.
configure:7508: $? = 1
configure: failed program was:
| /* confdefs.h */
| #define PACKAGE_NAME "gutenprint"
| #define PACKAGE_TARNAME "gutenprint"
| #define PACKAGE_VERSION "5.2.9"
| #define PACKAGE_STRING "gutenprint 5.2.9"
| #define PACKAGE_BUGREPORT "gimp-print-devel@lists.sourceforge.net"
| #define PACKAGE_URL ""
| #define PACKAGE "gutenprint"
| #define VERSION "5.2.9"
| /* end confdefs.h.  */
| #include <ac_nonexistent.h>
configure:7533: result: gcc -E
configure:7553: gcc -E  conftest.c
configure:7553: $? = 0
configure:7567: gcc -E  conftest.c
conftest.c:11:28: fatal error: ac_nonexistent.h: No such file or directory
 #include <ac_nonexistent.h>
                            ^
compilation terminated.
configure:7567: $? = 1
configure: failed program was:
| /* confdefs.h */
| #define PACKAGE_NAME "gutenprint"
| #define PACKAGE_TARNAME "gutenprint"
| #define PACKAGE_VERSION "5.2.9"
| #define PACKAGE_STRING "gutenprint 5.2.9"
| #define PACKAGE_BUGREPORT "gimp-print-devel@lists.sourceforge.net"
| #define PACKAGE_URL ""
| #define PACKAGE "gutenprint"
| #define VERSION "5.2.9"
| /* end confdefs.h.  */
| #include <ac_nonexistent.h>
configure:7596: checking for ANSI C header files
configure:7616: gcc -c   conftest.c >&5
configure:7616: $? = 0
configure:7689: gcc -o conftest    conftest.c  >&5
configure:7689: $? = 0
configure:7689: ./conftest
configure:7689: $? = 0
configure:7700: result: yes
configure:7713: checking for sys/types.h
configure:7713: gcc -c   conftest.c >&5
configure:7713: $? = 0
configure:7713: result: yes
configure:7713: checking for sys/stat.h
configure:7713: gcc -c   conftest.c >&5
configure:7713: $? = 0
configure:7713: result: yes
configure:7713: checking for stdlib.h
configure:7713: gcc -c   conftest.c >&5
configure:7713: $? = 0
configure:7713: result: yes
configure:7713: checking for string.h
configure:7713: gcc -c   conftest.c >&5
configure:7713: $? = 0
configure:7713: result: yes
configure:7713: checking for memory.h
configure:7713: gcc -c   conftest.c >&5
configure:7713: $? = 0
configure:7713: result: yes
configure:7713: checking for strings.h
configure:7713: gcc -c   conftest.c >&5
configure:7713: $? = 0
configure:7713: result: yes
configure:7713: checking for inttypes.h
configure:7713: gcc -c   conftest.c >&5
configure:7713: $? = 0
configure:7713: result: yes
configure:7713: checking for stdint.h
configure:7713: gcc -c   conftest.c >&5
configure:7713: $? = 0
configure:7713: result: yes
configure:7713: checking for unistd.h
configure:7713: gcc -c   conftest.c >&5
configure:7713: $? = 0
configure:7713: result: yes
configure:7727: checking for dlfcn.h
configure:7727: gcc -c   conftest.c >&5
configure:7727: $? = 0
configure:7727: result: yes
configure:7882: checking for objdir
configure:7897: result: .libs
configure:8168: checking if gcc supports -fno-rtti -fno-exceptions
configure:8186: gcc -c   -fno-rtti -fno-exceptions conftest.c >&5
cc1: warning: command line option '-fno-rtti' is valid for C++/ObjC++ but not for C [enabled by default]
configure:8190: $? = 0
configure:8203: result: no
configure:8513: checking for gcc option to produce PIC
configure:8520: result: -fPIC -DPIC
configure:8528: checking if gcc PIC flag -fPIC -DPIC works
configure:8546: gcc -c   -fPIC -DPIC -DPIC conftest.c >&5
configure:8550: $? = 0
configure:8563: result: yes
configure:8592: checking if gcc static flag -static works
configure:8620: result: no
configure:8635: checking if gcc supports -c -o file.o
configure:8656: gcc -c   -o out/conftest2.o conftest.c >&5
configure:8660: $? = 0
configure:8682: result: yes
configure:8690: checking if gcc supports -c -o file.o
configure:8737: result: yes
configure:8770: checking whether the gcc linker (/usr/bin/ld) supports shared libraries
configure:9928: result: yes
configure:9965: checking whether -lc should be explicitly linked in
configure:9973: gcc -c   conftest.c >&5
configure:9976: $? = 0
configure:9991: gcc -shared  -fPIC -DPIC conftest.o  -v -Wl,-soname -Wl,conftest -o conftest 2\>\&1 \| /usr/bin/grep  -lc  \>/dev/null 2\>\&1
configure:9994: $? = 0
configure:10008: result: no
configure:10173: checking dynamic linker characteristics
configure:10687: gcc -o conftest    -Wl,-rpath -Wl,/foo conftest.c  >&5
configure:10687: $? = 0
configure:10909: result: GNU/Linux ld.so
configure:11016: checking how to hardcode library paths into programs
configure:11041: result: immediate
configure:11135: checking for shl_load
configure:11135: gcc -o conftest    conftest.c  >&5
/tmp/cc3EyzQr.o: In function `main':
conftest.c:(.text+0x7): undefined reference to `shl_load'
collect2: error: ld returned 1 exit status
configure:11135: $? = 1
configure: failed program was:
| /* confdefs.h */
| #define PACKAGE_NAME "gutenprint"
| #define PACKAGE_TARNAME "gutenprint"
| #define PACKAGE_VERSION "5.2.9"
| #define PACKAGE_STRING "gutenprint 5.2.9"
| #define PACKAGE_BUGREPORT "gimp-print-devel@lists.sourceforge.net"
| #define PACKAGE_URL ""
| #define PACKAGE "gutenprint"
| #define VERSION "5.2.9"
| #define STDC_HEADERS 1
| #define HAVE_SYS_TYPES_H 1
| #define HAVE_SYS_STAT_H 1
| #define HAVE_STDLIB_H 1
| #define HAVE_STRING_H 1
| #define HAVE_MEMORY_H 1
| #define HAVE_STRINGS_H 1
| #define HAVE_INTTYPES_H 1
| #define HAVE_STDINT_H 1
| #define HAVE_UNISTD_H 1
| #define HAVE_DLFCN_H 1
| #define LT_OBJDIR ".libs/"
| /* end confdefs.h.  */
| /* Define shl_load to an innocuous variant, in case <limits.h> declares shl_load.
|    For example, HP-UX 11i <limits.h> declares gettimeofday.  */
| #define shl_load innocuous_shl_load
| 
| /* System header to define __stub macros and hopefully few prototypes,
|     which can conflict with char shl_load (); below.
|     Prefer <limits.h> to <assert.h> if __STDC__ is defined, since
|     <limits.h> exists even on freestanding compilers.  */
| 
| #ifdef __STDC__
| # include <limits.h>
| #else
| # include <assert.h>
| #endif
| 
| #undef shl_load
| 
| /* Override any GCC internal prototype to avoid an error.
|    Use char because int might match the return type of a GCC
|    builtin and then its argument prototype would still apply.  */
| #ifdef __cplusplus
| extern "C"
| #endif
| char shl_load ();
| /* The GNU C library defines this for functions which it implements
|     to always fail with ENOSYS.  Some functions are actually named
|     something starting with __ and the normal name is an alias.  */
| #if defined __stub_shl_load || defined __stub___shl_load
| choke me
| #endif
| 
| int
| main ()
| {
| return shl_load ();
|   ;
|   return 0;
| }
configure:11135: result: no
configure:11139: checking for shl_load in -ldld
configure:11164: gcc -o conftest    conftest.c -ldld   >&5
/usr/bin/ld: cannot find -ldld
collect2: error: ld returned 1 exit status
configure:11164: $? = 1
configure: failed program was:
| /* confdefs.h */
| #define PACKAGE_NAME "gutenprint"
| #define PACKAGE_TARNAME "gutenprint"
| #define PACKAGE_VERSION "5.2.9"
| #define PACKAGE_STRING "gutenprint 5.2.9"
| #define PACKAGE_BUGREPORT "gimp-print-devel@lists.sourceforge.net"
| #define PACKAGE_URL ""
| #define PACKAGE "gutenprint"
| #define VERSION "5.2.9"
| #define STDC_HEADERS 1
| #define HAVE_SYS_TYPES_H 1
| #define HAVE_SYS_STAT_H 1
| #define HAVE_STDLIB_H 1
| #define HAVE_STRING_H 1
| #define HAVE_MEMORY_H 1
| #define HAVE_STRINGS_H 1
| #define HAVE_INTTYPES_H 1
| #define HAVE_STDINT_H 1
| #define HAVE_UNISTD_H 1
| #define HAVE_DLFCN_H 1
| #define LT_OBJDIR ".libs/"
| /* end confdefs.h.  */
| 
| /* Override any GCC internal prototype to avoid an error.
|    Use char because int might match the return type of a GCC
|    builtin and then its argument prototype would still apply.  */
| #ifdef __cplusplus
| extern "C"
| #endif
| char shl_load ();
| int
| main ()
| {
| return shl_load ();
|   ;
|   return 0;
| }
configure:11173: result: no
configure:11178: checking for dlopen
configure:11178: gcc -o conftest    conftest.c  >&5
/tmp/ccPBGZgF.o: In function `main':
conftest.c:(.text+0x7): undefined reference to `dlopen'
collect2: error: ld returned 1 exit status
configure:11178: $? = 1
configure: failed program was:
| /* confdefs.h */
| #define PACKAGE_NAME "gutenprint"
| #define PACKAGE_TARNAME "gutenprint"
| #define PACKAGE_VERSION "5.2.9"
| #define PACKAGE_STRING "gutenprint 5.2.9"
| #define PACKAGE_BUGREPORT "gimp-print-devel@lists.sourceforge.net"
| #define PACKAGE_URL ""
| #define PACKAGE "gutenprint"
| #define VERSION "5.2.9"
| #define STDC_HEADERS 1
| #define HAVE_SYS_TYPES_H 1
| #define HAVE_SYS_STAT_H 1
| #define HAVE_STDLIB_H 1
| #define HAVE_STRING_H 1
| #define HAVE_MEMORY_H 1
| #define HAVE_STRINGS_H 1
| #define HAVE_INTTYPES_H 1
| #define HAVE_STDINT_H 1
| #define HAVE_UNISTD_H 1
| #define HAVE_DLFCN_H 1
| #define LT_OBJDIR ".libs/"
| /* end confdefs.h.  */
| /* Define dlopen to an innocuous variant, in case <limits.h> declares dlopen.
|    For example, HP-UX 11i <limits.h> declares gettimeofday.  */
| #define dlopen innocuous_dlopen
| 
| /* System header to define __stub macros and hopefully few prototypes,
|     which can conflict with char dlopen (); below.
|     Prefer <limits.h> to <assert.h> if __STDC__ is defined, since
|     <limits.h> exists even on freestanding compilers.  */
| 
| #ifdef __STDC__
| # include <limits.h>
| #else
| # include <assert.h>
| #endif
| 
| #undef dlopen
| 
| /* Override any GCC internal prototype to avoid an error.
|    Use char because int might match the return type of a GCC
|    builtin and then its argument prototype would still apply.  */
| #ifdef __cplusplus
| extern "C"
| #endif
| char dlopen ();
| /* The GNU C library defines this for functions which it implements
|     to always fail with ENOSYS.  Some functions are actually named
|     something starting with __ and the normal name is an alias.  */
| #if defined __stub_dlopen || defined __stub___dlopen
| choke me
| #endif
| 
| int
| main ()
| {
| return dlopen ();
|   ;
|   return 0;
| }
configure:11178: result: no
configure:11182: checking for dlopen in -ldl
configure:11207: gcc -o conftest    conftest.c -ldl   >&5
configure:11207: $? = 0
configure:11216: result: yes
configure:11335: checking whether a program can dlopen itself
configure:11415: gcc -o conftest   -DHAVE_DLFCN_H  -Wl,--export-dynamic conftest.c -ldl  >&5
configure:11418: $? = 0
configure:11436: result: yes
configure:11441: checking whether a statically linked program can dlopen itself
configure:11521: gcc -o conftest   -DHAVE_DLFCN_H  -Wl,--export-dynamic  conftest.c -ldl  >&5
configure:11524: $? = 0
configure:11542: result: yes
configure:11581: checking whether stripping libraries is possible
configure:11586: result: yes
configure:11621: checking if libtool supports shared libraries
configure:11623: result: yes
configure:11626: checking whether to build shared libraries
configure:11647: result: yes
configure:11650: checking whether to build static libraries
configure:11654: result: yes
configure:11697: checking whether to enable maintainer-specific portions of Makefiles
configure:11706: result: no
configure:11746: checking for cups-config
configure:11764: found /usr/bin/cups-config
configure:11776: result: /usr/bin/cups-config
configure:11790: checking whether to whether to build CUPS driver
configure:11817: result: yes
configure:11830: checking whether NLS is requested
configure:11839: result: yes
configure:11877: checking for msgfmt
configure: trying /usr/bin/msgfmt...
0 translated messages.
configure:11909: result: /usr/bin/msgfmt
configure:11918: checking for gmsgfmt
configure:11949: result: /usr/bin/msgfmt
configure:12000: checking for xgettext
configure: trying /usr/bin/xgettext...
/usr/bin/xgettext: warning: file '/dev/null' extension '' is unknown; will try C
configure:12032: result: /usr/bin/xgettext
configure:12078: checking for msgmerge
configure: trying /usr/bin/msgmerge...
configure:12109: result: /usr/bin/msgmerge
configure:12163: checking for ld used by GCC
configure:12227: result: /usr/bin/ld
configure:12234: checking if the linker (/usr/bin/ld) is GNU ld
configure:12247: result: yes
configure:12254: checking for shared library run path origin
configure:12267: result: done
configure:12724: checking for CFPreferencesCopyAppValue
configure:12742: gcc -o conftest    conftest.c  -Wl,-framework -Wl,CoreFoundation >&5
conftest.c:24:42: fatal error: CoreFoundation/CFPreferences.h: No such file or directory
 #include <CoreFoundation/CFPreferences.h>
                                          ^
compilation terminated.
configure:12742: $? = 1
configure: failed program was:
| /* confdefs.h */
| #define PACKAGE_NAME "gutenprint"
| #define PACKAGE_TARNAME "gutenprint"
| #define PACKAGE_VERSION "5.2.9"
| #define PACKAGE_STRING "gutenprint 5.2.9"
| #define PACKAGE_BUGREPORT "gimp-print-devel@lists.sourceforge.net"
| #define PACKAGE_URL ""
| #define PACKAGE "gutenprint"
| #define VERSION "5.2.9"
| #define STDC_HEADERS 1
| #define HAVE_SYS_TYPES_H 1
| #define HAVE_SYS_STAT_H 1
| #define HAVE_STDLIB_H 1
| #define HAVE_STRING_H 1
| #define HAVE_MEMORY_H 1
| #define HAVE_STRINGS_H 1
| #define HAVE_INTTYPES_H 1
| #define HAVE_STDINT_H 1
| #define HAVE_UNISTD_H 1
| #define HAVE_DLFCN_H 1
| #define LT_OBJDIR ".libs/"
| #define OSTYPE "linux"
| /* end confdefs.h.  */
| #include <CoreFoundation/CFPreferences.h>
| int
| main ()
| {
| CFPreferencesCopyAppValue(NULL, NULL)
|   ;
|   return 0;
| }
configure:12751: result: no
configure:12758: checking for CFLocaleCopyCurrent
configure:12776: gcc -o conftest    conftest.c  -Wl,-framework -Wl,CoreFoundation >&5
conftest.c:24:37: fatal error: CoreFoundation/CFLocale.h: No such file or directory
 #include <CoreFoundation/CFLocale.h>
                                     ^
compilation terminated.
configure:12776: $? = 1
configure: failed program was:
| /* confdefs.h */
| #define PACKAGE_NAME "gutenprint"
| #define PACKAGE_TARNAME "gutenprint"
| #define PACKAGE_VERSION "5.2.9"
| #define PACKAGE_STRING "gutenprint 5.2.9"
| #define PACKAGE_BUGREPORT "gimp-print-devel@lists.sourceforge.net"
| #define PACKAGE_URL ""
| #define PACKAGE "gutenprint"
| #define VERSION "5.2.9"
| #define STDC_HEADERS 1
| #define HAVE_SYS_TYPES_H 1
| #define HAVE_SYS_STAT_H 1
| #define HAVE_STDLIB_H 1
| #define HAVE_STRING_H 1
| #define HAVE_MEMORY_H 1
| #define HAVE_STRINGS_H 1
| #define HAVE_INTTYPES_H 1
| #define HAVE_STDINT_H 1
| #define HAVE_UNISTD_H 1
| #define HAVE_DLFCN_H 1
| #define LT_OBJDIR ".libs/"
| #define OSTYPE "linux"
| /* end confdefs.h.  */
| #include <CoreFoundation/CFLocale.h>
| int
| main ()
| {
| CFLocaleCopyCurrent();
|   ;
|   return 0;
| }
configure:12785: result: no
configure:12834: checking for GNU gettext in libc
configure:12854: gcc -o conftest    conftest.c  >&5
configure:12854: $? = 0
configure:12863: result: yes
configure:13469: checking whether to use NLS
configure:13471: result: yes
configure:13474: checking where the gettext function comes from
configure:13485: result: libc
configure:13553: checking whether to build CUPS PPD files
configure:13572: result: (automatic)
configure:13600: checking whether to build CUPS PPD files
configure:13619: result: no
configure:13629: checking whether to build CUPS 1.2 enhancements
configure:13648: result: yes
configure:13662: checking whether to build translated CUPS PPD files
configure:13681: result: no
configure:13697: checking whether to build globalized CUPS PPD files
configure:13716: result: no
configure:13726: checking whether to build simplified CUPS PPD files
configure:13745: result: no
configure:13755: checking whether to place CUPS PPD files at top level
configure:13774: result: no
configure:13784: checking whether to generate PostScript level 3 PPD files
configure:13803: result: yes
configure:13814: checking whether to build a statically-linked cups-genppd and rastertogutenprint.  WARNING: Please read the README and NEWS (release notes) CAREFULLY before using --disable-static-genppd!
configure:13833: result: yes
configure:13844: checking for foomatic-configure
configure:13877: result: no
configure:13888: checking whether to build foomatic data files
configure:13908: result: no
configure:13920: checking for foomatic-ppdfile
configure:13953: result: no
configure:13964: checking whether to make use of foomatic 3 extra features
configure:13984: result: no
configure:13995: checking for ijs-config
configure:14028: result: no
configure:14040: checking whether to build Ghostscript driver
configure:14060: result: no
configure:14070: checking whether to enable loadable modules
configure:14094: result: (automatic)
configure:14121: checking whether to turn on debugging in build
configure:14140: result: no
configure:14150: checking whether to turn on profiling in build
configure:14169: result: no
configure:14179: checking whether to use readline
configure:14204: result: yes
configure:14217: checking for gimptool-2.0
configure:14250: result: no
configure:14217: checking for gimptool
configure:14250: result: no
configure:14331: checking for pkg-config
configure:14349: found /usr/bin/pkg-config
configure:14361: result: /usr/bin/pkg-config
configure:14386: checking pkg-config is at least version 0.9.0
configure:14389: result: yes
configure:14399: checking for GTK2
configure:14406: $PKG_CONFIG --exists --print-errors "gtk+-2.0"
Package gtk+-2.0 was not found in the pkg-config search path.
Perhaps you should add the directory containing `gtk+-2.0.pc'
to the PKG_CONFIG_PATH environment variable
No package 'gtk+-2.0' found
configure:14409: $? = 1
configure:14422: $PKG_CONFIG --exists --print-errors "gtk+-2.0"
Package gtk+-2.0 was not found in the pkg-config search path.
Perhaps you should add the directory containing `gtk+-2.0.pc'
to the PKG_CONFIG_PATH environment variable
No package 'gtk+-2.0' found
configure:14425: $? = 1
configure:14438: result: no
No package 'gtk+-2.0' found
configure:14544: checking whether to build GIMP 2.x Print plugin
configure:14564: result: no
configure:14574: checking whether to name GIMP 2.x Print plugin gutenprint (requires GIMP 2.2; normally used with GIMP 2.4 or above)
configure:14594: result: (automatic)
configure:14604: checking whether to build Gutenprint GTK+-2.0 user interface library
configure:14623: result: no
configure:14633: checking whether to install sample images
configure:14652: result: yes
configure:14662: checking whether to build escputil
configure:14681: result: yes
configure:14691: checking whether to build test programs
configure:14710: result: yes
configure:14720: checking whether to build Gutenprint documentation
configure:14740: result: yes
configure:14756: checking whether to build testpattern generator
configure:14775: result: yes
configure:14785: checking whether to install GIMP plugin in home directory
configure:14804: result: no
configure:14848: checking for iconv
configure:14870: gcc -o conftest    conftest.c  >&5
configure:14870: $? = 0
configure:14902: result: yes
configure:14923: checking for strerror in -lcposix
configure:14948: gcc -o conftest    conftest.c -lcposix   >&5
/usr/bin/ld: cannot find -lcposix
collect2: error: ld returned 1 exit status
configure:14948: $? = 1
configure: failed program was:
| /* confdefs.h */
| #define PACKAGE_NAME "gutenprint"
| #define PACKAGE_TARNAME "gutenprint"
| #define PACKAGE_VERSION "5.2.9"
| #define PACKAGE_STRING "gutenprint 5.2.9"
| #define PACKAGE_BUGREPORT "gimp-print-devel@lists.sourceforge.net"
| #define PACKAGE_URL ""
| #define PACKAGE "gutenprint"
| #define VERSION "5.2.9"
| #define STDC_HEADERS 1
| #define HAVE_SYS_TYPES_H 1
| #define HAVE_SYS_STAT_H 1
| #define HAVE_STDLIB_H 1
| #define HAVE_STRING_H 1
| #define HAVE_MEMORY_H 1
| #define HAVE_STRINGS_H 1
| #define HAVE_INTTYPES_H 1
| #define HAVE_STDINT_H 1
| #define HAVE_UNISTD_H 1
| #define HAVE_DLFCN_H 1
| #define LT_OBJDIR ".libs/"
| #define OSTYPE "linux"
| #define ENABLE_NLS 1
| #define HAVE_GETTEXT 1
| #define HAVE_DCGETTEXT 1
| #define HAVE_ICONV 1
| /* end confdefs.h.  */
| 
| /* Override any GCC internal prototype to avoid an error.
|    Use char because int might match the return type of a GCC
|    builtin and then its argument prototype would still apply.  */
| #ifdef __cplusplus
| extern "C"
| #endif
| char strerror ();
| int
| main ()
| {
| return strerror ();
|   ;
|   return 0;
| }
configure:14957: result: no
configure:14969: checking for gawk
configure:14996: result: gawk
configure:15055: checking for gcc
configure:15082: result: gcc
configure:15311: checking for C compiler version
configure:15320: gcc --version >&5
gcc (GCC) 4.8.2 20131017 (Red Hat 4.8.2-1)
Copyright (C) 2013 Free Software Foundation, Inc.
This is free software; see the source for copying conditions.  There is NO
warranty; not even for MERCHANTABILITY or FITNESS FOR A PARTICULAR PURPOSE.

configure:15331: $? = 0
configure:15320: gcc -v >&5
Using built-in specs.
COLLECT_GCC=gcc
COLLECT_LTO_WRAPPER=/usr/libexec/gcc/i686-redhat-linux/4.8.2/lto-wrapper
Target: i686-redhat-linux
Configured with: ../configure --prefix=/usr --mandir=/usr/share/man --infodir=/usr/share/info --with-bugurl=http://bugzilla.redhat.com/bugzilla --enable-bootstrap --enable-shared --enable-threads=posix --enable-checking=release --with-system-zlib --enable-__cxa_atexit --disable-libunwind-exceptions --enable-gnu-unique-object --enable-linker-build-id --with-linker-hash-style=gnu --enable-languages=c,c++,objc,obj-c++,java,fortran,ada,go,lto --enable-plugin --enable-initfini-array --enable-java-awt=gtk --disable-dssi --with-java-home=/usr/lib/jvm/java-1.5.0-gcj-1.5.0.0/jre --enable-libgcj-multifile --enable-java-maintainer-mode --with-ecj-jar=/usr/share/java/eclipse-ecj.jar --disable-libjava-multilib --with-isl=/builddir/build/BUILD/gcc-4.8.2-20131017/obj-i686-redhat-linux/isl-install --with-cloog=/builddir/build/BUILD/gcc-4.8.2-20131017/obj-i686-redhat-linux/cloog-install --with-tune=generic --with-arch=i686 --build=i686-redhat-linux
Thread model: posix
gcc version 4.8.2 20131017 (Red Hat 4.8.2-1) (GCC) 
configure:15331: $? = 0
configure:15320: gcc -V >&5
gcc: error: unrecognized command line option '-V'
gcc: fatal error: no input files
compilation terminated.
configure:15331: $? = 4
configure:15320: gcc -qversion >&5
gcc: error: unrecognized command line option '-qversion'
gcc: fatal error: no input files
compilation terminated.
configure:15331: $? = 4
configure:15335: checking whether we are using the GNU C compiler
configure:15363: result: yes
configure:15372: checking whether gcc accepts -g
configure:15433: result: yes
configure:15450: checking for gcc option to accept ISO C89
configure:15527: result: none needed
configure:15549: checking dependency style of gcc
configure:15659: result: gcc3
configure:15722: checking for gcc
configure:15749: result: gcc
configure:15978: checking for C compiler version
configure:15987: gcc --version >&5
gcc (GCC) 4.8.2 20131017 (Red Hat 4.8.2-1)
Copyright (C) 2013 Free Software Foundation, Inc.
This is free software; see the source for copying conditions.  There is NO
warranty; not even for MERCHANTABILITY or FITNESS FOR A PARTICULAR PURPOSE.

configure:15998: $? = 0
configure:15987: gcc -v >&5
Using built-in specs.
COLLECT_GCC=gcc
COLLECT_LTO_WRAPPER=/usr/libexec/gcc/i686-redhat-linux/4.8.2/lto-wrapper
Target: i686-redhat-linux
Configured with: ../configure --prefix=/usr --mandir=/usr/share/man --infodir=/usr/share/info --with-bugurl=http://bugzilla.redhat.com/bugzilla --enable-bootstrap --enable-shared --enable-threads=posix --enable-checking=release --with-system-zlib --enable-__cxa_atexit --disable-libunwind-exceptions --enable-gnu-unique-object --enable-linker-build-id --with-linker-hash-style=gnu --enable-languages=c,c++,objc,obj-c++,java,fortran,ada,go,lto --enable-plugin --enable-initfini-array --enable-java-awt=gtk --disable-dssi --with-java-home=/usr/lib/jvm/java-1.5.0-gcj-1.5.0.0/jre --enable-libgcj-multifile --enable-java-maintainer-mode --with-ecj-jar=/usr/share/java/eclipse-ecj.jar --disable-libjava-multilib --with-isl=/builddir/build/BUILD/gcc-4.8.2-20131017/obj-i686-redhat-linux/isl-install --with-cloog=/builddir/build/BUILD/gcc-4.8.2-20131017/obj-i686-redhat-linux/cloog-install --with-tune=generic --with-arch=i686 --build=i686-redhat-linux
Thread model: posix
gcc version 4.8.2 20131017 (Red Hat 4.8.2-1) (GCC) 
configure:15998: $? = 0
configure:15987: gcc -V >&5
gcc: error: unrecognized command line option '-V'
gcc: fatal error: no input files
compilation terminated.
configure:15998: $? = 4
configure:15987: gcc -qversion >&5
gcc: error: unrecognized command line option '-qversion'
gcc: fatal error: no input files
compilation terminated.
configure:15998: $? = 4
configure:16002: checking whether we are using the GNU C compiler
configure:16030: result: yes
configure:16039: checking whether gcc accepts -g
configure:16100: result: yes
configure:16117: checking for gcc option to accept ISO C89
configure:16194: result: none needed
configure:16216: checking dependency style of gcc
configure:16326: result: gcc3
configure:16345: checking whether gcc and cc understand -c and -o together
configure:16376: gcc -c conftest.c -o conftest2.o >&5
configure:16380: $? = 0
configure:16386: gcc -c conftest.c -o conftest2.o >&5
configure:16390: $? = 0
configure:16401: cc -c conftest.c >&5
configure:16405: $? = 0
configure:16413: cc -c conftest.c -o conftest2.o >&5
configure:16417: $? = 0
configure:16423: cc -c conftest.c -o conftest2.o >&5
configure:16427: $? = 0
configure:16445: result: yes
configure:16471: checking whether ln -s works
configure:16475: result: yes
configure:16486: checking for flex
configure:16516: result: no
configure:16486: checking for lex
configure:16516: result: no
configure:16647: checking for bison
configure:16677: result: no
configure:16647: checking for byacc
configure:16677: result: no
configure:16688: checking for test
configure:16706: found /usr/bin/test
configure:16718: result: /usr/bin/test
configure:16728: checking for true
configure:16746: found /usr/bin/true
configure:16758: result: /usr/bin/true
configure:16768: checking for find
configure:16786: found /usr/bin/find
configure:16798: result: /usr/bin/find
configure:16808: checking for perl
configure:16826: found /usr/bin/perl
configure:16838: result: /usr/bin/perl
configure:16848: checking for glib-mkenums
configure:16881: result: no
configure:16888: checking for convert
configure:16921: result: no
configure:16934: checking for texi2html
configure:16967: result: no
configure:16980: checking for dvips
configure:17013: result: no
configure:17026: checking for db2pdf
configure:17059: result: no
configure:17074: checking for dvipdf
configure:17092: found /usr/bin/dvipdf
configure:17104: result: /usr/bin/dvipdf
configure:17123: checking for db2ps
configure:17156: result: no
configure:17169: checking for db2html
configure:17202: result: no
configure:17215: checking for doxygen
configure:17248: result: no
configure:17263: checking for dialog
configure:17296: result: no
configure:17444: checking if gcc supports -Wall
configure:17459: gcc -c  -Wall  conftest.c >&5
configure:17459: $? = 0
configure:17460: result: yes
configure:17444: checking if gcc supports -Wcast-align
configure:17459: gcc -c  -Wall -Wcast-align  conftest.c >&5
configure:17459: $? = 0
configure:17460: result: yes
configure:17444: checking if gcc supports -Wstrict-prototypes
configure:17459: gcc -c  -Wall -Wcast-align -Wstrict-prototypes  conftest.c >&5
conftest.c:36:1: warning: function declaration isn't a prototype [-Wstrict-prototypes]
 main ()
 ^
configure:17459: $? = 0
configure:17460: result: yes
configure:17444: checking if gcc supports -Wmissing-prototypes
configure:17459: gcc -c  -Wall -Wcast-align -Wstrict-prototypes -Wmissing-prototypes  conftest.c >&5
conftest.c:36:1: warning: function declaration isn't a prototype [-Wstrict-prototypes]
 main ()
 ^
configure:17459: $? = 0
configure:17460: result: yes
configure:17444: checking if gcc supports -Wmissing-declarations
configure:17459: gcc -c  -Wall -Wcast-align -Wstrict-prototypes -Wmissing-prototypes -Wmissing-declarations  conftest.c >&5
conftest.c:36:1: warning: function declaration isn't a prototype [-Wstrict-prototypes]
 main ()
 ^
configure:17459: $? = 0
configure:17460: result: yes
configure:17444: checking if gcc supports -Wnested-externs
configure:17459: gcc -c  -Wall -Wcast-align -Wstrict-prototypes -Wmissing-prototypes -Wmissing-declarations -Wnested-externs  conftest.c >&5
conftest.c:36:1: warning: function declaration isn't a prototype [-Wstrict-prototypes]
 main ()
 ^
configure:17459: $? = 0
configure:17460: result: yes
configure:17444: checking if gcc supports -Wwrite-strings
configure:17459: gcc -c  -Wall -Wcast-align -Wstrict-prototypes -Wmissing-prototypes -Wmissing-declarations -Wnested-externs -Wwrite-strings  conftest.c >&5
conftest.c:36:1: warning: function declaration isn't a prototype [-Wstrict-prototypes]
 main ()
 ^
configure:17459: $? = 0
configure:17460: result: yes
configure:17444: checking if gcc supports -Werror-implicit-function-declaration
configure:17459: gcc -c  -Wall -Wcast-align -Wstrict-prototypes -Wmissing-prototypes -Wmissing-declarations -Wnested-externs -Wwrite-strings -Werror-implicit-function-declaration  conftest.c >&5
conftest.c:36:1: warning: function declaration isn't a prototype [-Wstrict-prototypes]
 main ()
 ^
configure:17459: $? = 0
configure:17460: result: yes
configure:17444: checking if gcc supports -Winline
configure:17459: gcc -c  -Wall -Wcast-align -Wstrict-prototypes -Wmissing-prototypes -Wmissing-declarations -Wnested-externs -Wwrite-strings -Werror-implicit-function-declaration -Winline  conftest.c >&5
conftest.c:36:1: warning: function declaration isn't a prototype [-Wstrict-prototypes]
 main ()
 ^
configure:17459: $? = 0
configure:17460: result: yes
configure:17444: checking if gcc supports -Wformat=2
configure:17459: gcc -c  -Wall -Wcast-align -Wstrict-prototypes -Wmissing-prototypes -Wmissing-declarations -Wnested-externs -Wwrite-strings -Werror-implicit-function-declaration -Winline -Wformat=2  conftest.c >&5
conftest.c:36:1: warning: function declaration isn't a prototype [-Wstrict-prototypes]
 main ()
 ^
configure:17459: $? = 0
configure:17460: result: yes
configure:17444: checking if gcc supports -finline-limit=131072
configure:17459: gcc -c  -Wall -Wcast-align -Wstrict-prototypes -Wmissing-prototypes -Wmissing-declarations -Wnested-externs -Wwrite-strings -Werror-implicit-function-declaration -Winline -Wformat=2 -finline-limit=131072  conftest.c >&5
conftest.c:36:1: warning: function declaration isn't a prototype [-Wstrict-prototypes]
 main ()
 ^
configure:17459: $? = 0
configure:17460: result: yes
configure:17544: checking if gcc supports -O6
configure:17559: gcc -c  -O6  conftest.c >&5
configure:17559: $? = 0
configure:17560: result: yes
configure:17679: checking if gcc supports __attribute__ syntax
configure:17696: gcc -c  -O6  conftest.c >&5
configure:17696: $? = 0
configure:17697: result: yes
configure:17713: checking for readline in -lreadline
configure:17738: gcc -o conftest  -O6   conftest.c -lreadline -lncurses  >&5
/usr/bin/ld: cannot find -lreadline
collect2: error: ld returned 1 exit status
configure:17738: $? = 1
configure: failed program was:
| /* confdefs.h */
| #define PACKAGE_NAME "gutenprint"
| #define PACKAGE_TARNAME "gutenprint"
| #define PACKAGE_VERSION "5.2.9"
| #define PACKAGE_STRING "gutenprint 5.2.9"
| #define PACKAGE_BUGREPORT "gimp-print-devel@lists.sourceforge.net"
| #define PACKAGE_URL ""
| #define PACKAGE "gutenprint"
| #define VERSION "5.2.9"
| #define STDC_HEADERS 1
| #define HAVE_SYS_TYPES_H 1
| #define HAVE_SYS_STAT_H 1
| #define HAVE_STDLIB_H 1
| #define HAVE_STRING_H 1
| #define HAVE_MEMORY_H 1
| #define HAVE_STRINGS_H 1
| #define HAVE_INTTYPES_H 1
| #define HAVE_STDINT_H 1
| #define HAVE_UNISTD_H 1
| #define HAVE_DLFCN_H 1
| #define LT_OBJDIR ".libs/"
| #define OSTYPE "linux"
| #define ENABLE_NLS 1
| #define HAVE_GETTEXT 1
| #define HAVE_DCGETTEXT 1
| #define HAVE_ICONV 1
| #define GUTENPRINT_RELEASE_VERSION "5.2"
| #define PACKAGE_LOCALE_DIR "/usr/local/share/locale"
| #define PACKAGE_DATA_DIR "/usr/local/share/gutenprint"
| #define PACKAGE_LIB_DIR "/usr/local/lib/gutenprint"
| #define PKGXMLDATADIR "/usr/local/share/gutenprint/5.2/xml"
| #define PKGMODULEDIR "/usr/local/lib/gutenprint/5.2/modules"
| #define HAVE_GCC_ATTRIBUTES 1
| /* end confdefs.h.  */
| 
| /* Override any GCC internal prototype to avoid an error.
|    Use char because int might match the return type of a GCC
|    builtin and then its argument prototype would still apply.  */
| #ifdef __cplusplus
| extern "C"
| #endif
| char readline ();
| int
| main ()
| {
| return readline ();
|   ;
|   return 0;
| }
configure:17747: result: no
configure:17762: checking for readline in -lreadline
configure:17787: gcc -o conftest  -O6   conftest.c -lreadline -lcurses  >&5
/usr/bin/ld: cannot find -lreadline
collect2: error: ld returned 1 exit status
configure:17787: $? = 1
configure: failed program was:
| /* confdefs.h */
| #define PACKAGE_NAME "gutenprint"
| #define PACKAGE_TARNAME "gutenprint"
| #define PACKAGE_VERSION "5.2.9"
| #define PACKAGE_STRING "gutenprint 5.2.9"
| #define PACKAGE_BUGREPORT "gimp-print-devel@lists.sourceforge.net"
| #define PACKAGE_URL ""
| #define PACKAGE "gutenprint"
| #define VERSION "5.2.9"
| #define STDC_HEADERS 1
| #define HAVE_SYS_TYPES_H 1
| #define HAVE_SYS_STAT_H 1
| #define HAVE_STDLIB_H 1
| #define HAVE_STRING_H 1
| #define HAVE_MEMORY_H 1
| #define HAVE_STRINGS_H 1
| #define HAVE_INTTYPES_H 1
| #define HAVE_STDINT_H 1
| #define HAVE_UNISTD_H 1
| #define HAVE_DLFCN_H 1
| #define LT_OBJDIR ".libs/"
| #define OSTYPE "linux"
| #define ENABLE_NLS 1
| #define HAVE_GETTEXT 1
| #define HAVE_DCGETTEXT 1
| #define HAVE_ICONV 1
| #define GUTENPRINT_RELEASE_VERSION "5.2"
| #define PACKAGE_LOCALE_DIR "/usr/local/share/locale"
| #define PACKAGE_DATA_DIR "/usr/local/share/gutenprint"
| #define PACKAGE_LIB_DIR "/usr/local/lib/gutenprint"
| #define PKGXMLDATADIR "/usr/local/share/gutenprint/5.2/xml"
| #define PKGMODULEDIR "/usr/local/lib/gutenprint/5.2/modules"
| #define HAVE_GCC_ATTRIBUTES 1
| /* end confdefs.h.  */
| 
| /* Override any GCC internal prototype to avoid an error.
|    Use char because int might match the return type of a GCC
|    builtin and then its argument prototype would still apply.  */
| #ifdef __cplusplus
| extern "C"
| #endif
| char readline ();
| int
| main ()
| {
| return readline ();
|   ;
|   return 0;
| }
configure:17796: result: no
configure:17811: checking for readline in -lreadline
configure:17836: gcc -o conftest  -O6   conftest.c -lreadline -ltermcap  >&5
/usr/bin/ld: cannot find -lreadline
collect2: error: ld returned 1 exit status
configure:17836: $? = 1
configure: failed program was:
| /* confdefs.h */
| #define PACKAGE_NAME "gutenprint"
| #define PACKAGE_TARNAME "gutenprint"
| #define PACKAGE_VERSION "5.2.9"
| #define PACKAGE_STRING "gutenprint 5.2.9"
| #define PACKAGE_BUGREPORT "gimp-print-devel@lists.sourceforge.net"
| #define PACKAGE_URL ""
| #define PACKAGE "gutenprint"
| #define VERSION "5.2.9"
| #define STDC_HEADERS 1
| #define HAVE_SYS_TYPES_H 1
| #define HAVE_SYS_STAT_H 1
| #define HAVE_STDLIB_H 1
| #define HAVE_STRING_H 1
| #define HAVE_MEMORY_H 1
| #define HAVE_STRINGS_H 1
| #define HAVE_INTTYPES_H 1
| #define HAVE_STDINT_H 1
| #define HAVE_UNISTD_H 1
| #define HAVE_DLFCN_H 1
| #define LT_OBJDIR ".libs/"
| #define OSTYPE "linux"
| #define ENABLE_NLS 1
| #define HAVE_GETTEXT 1
| #define HAVE_DCGETTEXT 1
| #define HAVE_ICONV 1
| #define GUTENPRINT_RELEASE_VERSION "5.2"
| #define PACKAGE_LOCALE_DIR "/usr/local/share/locale"
| #define PACKAGE_DATA_DIR "/usr/local/share/gutenprint"
| #define PACKAGE_LIB_DIR "/usr/local/lib/gutenprint"
| #define PKGXMLDATADIR "/usr/local/share/gutenprint/5.2/xml"
| #define PKGMODULEDIR "/usr/local/lib/gutenprint/5.2/modules"
| #define HAVE_GCC_ATTRIBUTES 1
| /* end confdefs.h.  */
| 
| /* Override any GCC internal prototype to avoid an error.
|    Use char because int might match the return type of a GCC
|    builtin and then its argument prototype would still apply.  */
| #ifdef __cplusplus
| extern "C"
| #endif
| char readline ();
| int
| main ()
| {
| return readline ();
|   ;
|   return 0;
| }
configure:17845: result: no
configure:17860: checking for readline in -lreadline
configure:17885: gcc -o conftest  -O6   conftest.c -lreadline   >&5
/usr/bin/ld: cannot find -lreadline
collect2: error: ld returned 1 exit status
configure:17885: $? = 1
configure: failed program was:
| /* confdefs.h */
| #define PACKAGE_NAME "gutenprint"
| #define PACKAGE_TARNAME "gutenprint"
| #define PACKAGE_VERSION "5.2.9"
| #define PACKAGE_STRING "gutenprint 5.2.9"
| #define PACKAGE_BUGREPORT "gimp-print-devel@lists.sourceforge.net"
| #define PACKAGE_URL ""
| #define PACKAGE "gutenprint"
| #define VERSION "5.2.9"
| #define STDC_HEADERS 1
| #define HAVE_SYS_TYPES_H 1
| #define HAVE_SYS_STAT_H 1
| #define HAVE_STDLIB_H 1
| #define HAVE_STRING_H 1
| #define HAVE_MEMORY_H 1
| #define HAVE_STRINGS_H 1
| #define HAVE_INTTYPES_H 1
| #define HAVE_STDINT_H 1
| #define HAVE_UNISTD_H 1
| #define HAVE_DLFCN_H 1
| #define LT_OBJDIR ".libs/"
| #define OSTYPE "linux"
| #define ENABLE_NLS 1
| #define HAVE_GETTEXT 1
| #define HAVE_DCGETTEXT 1
| #define HAVE_ICONV 1
| #define GUTENPRINT_RELEASE_VERSION "5.2"
| #define PACKAGE_LOCALE_DIR "/usr/local/share/locale"
| #define PACKAGE_DATA_DIR "/usr/local/share/gutenprint"
| #define PACKAGE_LIB_DIR "/usr/local/lib/gutenprint"
| #define PKGXMLDATADIR "/usr/local/share/gutenprint/5.2/xml"
| #define PKGMODULEDIR "/usr/local/lib/gutenprint/5.2/modules"
| #define HAVE_GCC_ATTRIBUTES 1
| /* end confdefs.h.  */
| 
| /* Override any GCC internal prototype to avoid an error.
|    Use char because int might match the return type of a GCC
|    builtin and then its argument prototype would still apply.  */
| #ifdef __cplusplus
| extern "C"
| #endif
| char readline ();
| int
| main ()
| {
| return readline ();
|   ;
|   return 0;
| }
configure:17894: result: no
configure:17971: checking for lt_dlopen in -lltdl
configure:17996: gcc -o conftest  -O6   conftest.c -lltdl   >&5
/usr/bin/ld: cannot find -lltdl
collect2: error: ld returned 1 exit status
configure:17996: $? = 1
configure: failed program was:
| /* confdefs.h */
| #define PACKAGE_NAME "gutenprint"
| #define PACKAGE_TARNAME "gutenprint"
| #define PACKAGE_VERSION "5.2.9"
| #define PACKAGE_STRING "gutenprint 5.2.9"
| #define PACKAGE_BUGREPORT "gimp-print-devel@lists.sourceforge.net"
| #define PACKAGE_URL ""
| #define PACKAGE "gutenprint"
| #define VERSION "5.2.9"
| #define STDC_HEADERS 1
| #define HAVE_SYS_TYPES_H 1
| #define HAVE_SYS_STAT_H 1
| #define HAVE_STDLIB_H 1
| #define HAVE_STRING_H 1
| #define HAVE_MEMORY_H 1
| #define HAVE_STRINGS_H 1
| #define HAVE_INTTYPES_H 1
| #define HAVE_STDINT_H 1
| #define HAVE_UNISTD_H 1
| #define HAVE_DLFCN_H 1
| #define LT_OBJDIR ".libs/"
| #define OSTYPE "linux"
| #define ENABLE_NLS 1
| #define HAVE_GETTEXT 1
| #define HAVE_DCGETTEXT 1
| #define HAVE_ICONV 1
| #define GUTENPRINT_RELEASE_VERSION "5.2"
| #define PACKAGE_LOCALE_DIR "/usr/local/share/locale"
| #define PACKAGE_DATA_DIR "/usr/local/share/gutenprint"
| #define PACKAGE_LIB_DIR "/usr/local/lib/gutenprint"
| #define PKGXMLDATADIR "/usr/local/share/gutenprint/5.2/xml"
| #define PKGMODULEDIR "/usr/local/lib/gutenprint/5.2/modules"
| #define HAVE_GCC_ATTRIBUTES 1
| #define HAVE_LIBREADLINE 0
| /* end confdefs.h.  */
| 
| /* Override any GCC internal prototype to avoid an error.
|    Use char because int might match the return type of a GCC
|    builtin and then its argument prototype would still apply.  */
| #ifdef __cplusplus
| extern "C"
| #endif
| char lt_dlopen ();
| int
| main ()
| {
| return lt_dlopen ();
|   ;
|   return 0;
| }
configure:18005: result: no
configure:18012: checking for dlopen in -ldl
configure:18046: result: yes
configure:18053: checking for pow in -lm
configure:18078: gcc -o conftest  -O6   conftest.c -lm   >&5
conftest.c:43:6: warning: conflicting types for built-in function 'pow' [enabled by default]
 char pow ();
      ^
configure:18078: $? = 0
configure:18087: result: yes
configure:18099: checking for pow in -lm
configure:18133: result: yes
configure:18140: checking for gzgets in -lz
configure:18165: gcc -o conftest  -O6   conftest.c -lz   >&5
configure:18165: $? = 0
configure:18174: result: yes
configure:18190: checking for cups-config
configure:18220: result: /usr/bin/cups-config
configure:18484: checking for ANSI C header files
configure:18588: result: yes
configure:18598: checking getopt.h usability
configure:18598: gcc -c  -O6  conftest.c >&5
configure:18598: $? = 0
configure:18598: result: yes
configure:18598: checking getopt.h presence
configure:18598: gcc -E  conftest.c
configure:18598: $? = 0
configure:18598: result: yes
configure:18598: checking for getopt.h
configure:18598: result: yes
configure:18608: checking readline/readline.h usability
configure:18608: gcc -c  -O6  conftest.c >&5
conftest.c:72:31: fatal error: readline/readline.h: No such file or directory
 #include <readline/readline.h>
                               ^
compilation terminated.
configure:18608: $? = 1
configure: failed program was:
| /* confdefs.h */
| #define PACKAGE_NAME "gutenprint"
| #define PACKAGE_TARNAME "gutenprint"
| #define PACKAGE_VERSION "5.2.9"
| #define PACKAGE_STRING "gutenprint 5.2.9"
| #define PACKAGE_BUGREPORT "gimp-print-devel@lists.sourceforge.net"
| #define PACKAGE_URL ""
| #define PACKAGE "gutenprint"
| #define VERSION "5.2.9"
| #define STDC_HEADERS 1
| #define HAVE_SYS_TYPES_H 1
| #define HAVE_SYS_STAT_H 1
| #define HAVE_STDLIB_H 1
| #define HAVE_STRING_H 1
| #define HAVE_MEMORY_H 1
| #define HAVE_STRINGS_H 1
| #define HAVE_INTTYPES_H 1
| #define HAVE_STDINT_H 1
| #define HAVE_UNISTD_H 1
| #define HAVE_DLFCN_H 1
| #define LT_OBJDIR ".libs/"
| #define OSTYPE "linux"
| #define ENABLE_NLS 1
| #define HAVE_GETTEXT 1
| #define HAVE_DCGETTEXT 1
| #define HAVE_ICONV 1
| #define GUTENPRINT_RELEASE_VERSION "5.2"
| #define PACKAGE_LOCALE_DIR "/usr/local/share/locale"
| #define PACKAGE_DATA_DIR "/usr/local/share/gutenprint"
| #define PACKAGE_LIB_DIR "/usr/local/lib/gutenprint"
| #define PKGXMLDATADIR "/usr/local/share/gutenprint/5.2/xml"
| #define PKGMODULEDIR "/usr/local/lib/gutenprint/5.2/modules"
| #define HAVE_GCC_ATTRIBUTES 1
| #define HAVE_LIBREADLINE 0
| #define HAVE_LIBZ /**/
| #define STDC_HEADERS 1
| #define HAVE_GETOPT_H 1
| /* end confdefs.h.  */
| #include <stdio.h>
| #ifdef HAVE_SYS_TYPES_H
| # include <sys/types.h>
| #endif
| #ifdef HAVE_SYS_STAT_H
| # include <sys/stat.h>
| #endif
| #ifdef STDC_HEADERS
| # include <stdlib.h>
| # include <stddef.h>
| #else
| # ifdef HAVE_STDLIB_H
| #  include <stdlib.h>
| # endif
| #endif
| #ifdef HAVE_STRING_H
| # if !defined STDC_HEADERS && defined HAVE_MEMORY_H
| #  include <memory.h>
| # endif
| # include <string.h>
| #endif
| #ifdef HAVE_STRINGS_H
| # include <strings.h>
| #endif
| #ifdef HAVE_INTTYPES_H
| # include <inttypes.h>
| #endif
| #ifdef HAVE_STDINT_H
| # include <stdint.h>
| #endif
| #ifdef HAVE_UNISTD_H
| # include <unistd.h>
| #endif
| #include <readline/readline.h>
configure:18608: result: no
configure:18608: checking readline/readline.h presence
configure:18608: gcc -E  conftest.c
conftest.c:39:31: fatal error: readline/readline.h: No such file or directory
 #include <readline/readline.h>
                               ^
compilation terminated.
configure:18608: $? = 1
configure: failed program was:
| /* confdefs.h */
| #define PACKAGE_NAME "gutenprint"
| #define PACKAGE_TARNAME "gutenprint"
| #define PACKAGE_VERSION "5.2.9"
| #define PACKAGE_STRING "gutenprint 5.2.9"
| #define PACKAGE_BUGREPORT "gimp-print-devel@lists.sourceforge.net"
| #define PACKAGE_URL ""
| #define PACKAGE "gutenprint"
| #define VERSION "5.2.9"
| #define STDC_HEADERS 1
| #define HAVE_SYS_TYPES_H 1
| #define HAVE_SYS_STAT_H 1
| #define HAVE_STDLIB_H 1
| #define HAVE_STRING_H 1
| #define HAVE_MEMORY_H 1
| #define HAVE_STRINGS_H 1
| #define HAVE_INTTYPES_H 1
| #define HAVE_STDINT_H 1
| #define HAVE_UNISTD_H 1
| #define HAVE_DLFCN_H 1
| #define LT_OBJDIR ".libs/"
| #define OSTYPE "linux"
| #define ENABLE_NLS 1
| #define HAVE_GETTEXT 1
| #define HAVE_DCGETTEXT 1
| #define HAVE_ICONV 1
| #define GUTENPRINT_RELEASE_VERSION "5.2"
| #define PACKAGE_LOCALE_DIR "/usr/local/share/locale"
| #define PACKAGE_DATA_DIR "/usr/local/share/gutenprint"
| #define PACKAGE_LIB_DIR "/usr/local/lib/gutenprint"
| #define PKGXMLDATADIR "/usr/local/share/gutenprint/5.2/xml"
| #define PKGMODULEDIR "/usr/local/lib/gutenprint/5.2/modules"
| #define HAVE_GCC_ATTRIBUTES 1
| #define HAVE_LIBREADLINE 0
| #define HAVE_LIBZ /**/
| #define STDC_HEADERS 1
| #define HAVE_GETOPT_H 1
| /* end confdefs.h.  */
| #include <readline/readline.h>
configure:18608: result: no
configure:18608: checking for readline/readline.h
configure:18608: result: no
configure:18626: checking for dlfcn.h
configure:18626: result: yes
configure:18638: checking fcntl.h usability
configure:18638: gcc -c  -O6  conftest.c >&5
configure:18638: $? = 0
configure:18638: result: yes
configure:18638: checking fcntl.h presence
configure:18638: gcc -E  conftest.c
configure:18638: $? = 0
configure:18638: result: yes
configure:18638: checking for fcntl.h
configure:18638: result: yes
configure:18650: checking limits.h usability
configure:18650: gcc -c  -O6  conftest.c >&5
configure:18650: $? = 0
configure:18650: result: yes
configure:18650: checking limits.h presence
configure:18650: gcc -E  conftest.c
configure:18650: $? = 0
configure:18650: result: yes
configure:18650: checking for limits.h
configure:18650: result: yes
configure:18662: checking locale.h usability
configure:18662: gcc -c  -O6  conftest.c >&5
configure:18662: $? = 0
configure:18662: result: yes
configure:18662: checking locale.h presence
configure:18662: gcc -E  conftest.c
configure:18662: $? = 0
configure:18662: result: yes
configure:18662: checking for locale.h
configure:18662: result: yes
configure:18674: checking ltdl.h usability
configure:18674: gcc -c  -O6  conftest.c >&5
conftest.c:76:18: fatal error: ltdl.h: No such file or directory
 #include <ltdl.h>
                  ^
compilation terminated.
configure:18674: $? = 1
configure: failed program was:
| /* confdefs.h */
| #define PACKAGE_NAME "gutenprint"
| #define PACKAGE_TARNAME "gutenprint"
| #define PACKAGE_VERSION "5.2.9"
| #define PACKAGE_STRING "gutenprint 5.2.9"
| #define PACKAGE_BUGREPORT "gimp-print-devel@lists.sourceforge.net"
| #define PACKAGE_URL ""
| #define PACKAGE "gutenprint"
| #define VERSION "5.2.9"
| #define STDC_HEADERS 1
| #define HAVE_SYS_TYPES_H 1
| #define HAVE_SYS_STAT_H 1
| #define HAVE_STDLIB_H 1
| #define HAVE_STRING_H 1
| #define HAVE_MEMORY_H 1
| #define HAVE_STRINGS_H 1
| #define HAVE_INTTYPES_H 1
| #define HAVE_STDINT_H 1
| #define HAVE_UNISTD_H 1
| #define HAVE_DLFCN_H 1
| #define LT_OBJDIR ".libs/"
| #define OSTYPE "linux"
| #define ENABLE_NLS 1
| #define HAVE_GETTEXT 1
| #define HAVE_DCGETTEXT 1
| #define HAVE_ICONV 1
| #define GUTENPRINT_RELEASE_VERSION "5.2"
| #define PACKAGE_LOCALE_DIR "/usr/local/share/locale"
| #define PACKAGE_DATA_DIR "/usr/local/share/gutenprint"
| #define PACKAGE_LIB_DIR "/usr/local/lib/gutenprint"
| #define PKGXMLDATADIR "/usr/local/share/gutenprint/5.2/xml"
| #define PKGMODULEDIR "/usr/local/lib/gutenprint/5.2/modules"
| #define HAVE_GCC_ATTRIBUTES 1
| #define HAVE_LIBREADLINE 0
| #define HAVE_LIBZ /**/
| #define STDC_HEADERS 1
| #define HAVE_GETOPT_H 1
| #define HAVE_DLFCN_H 1
| #define HAVE_FCNTL_H 1
| #define HAVE_LIMITS_H 1
| #define HAVE_LOCALE_H 1
| /* end confdefs.h.  */
| #include <stdio.h>
| #ifdef HAVE_SYS_TYPES_H
| # include <sys/types.h>
| #endif
| #ifdef HAVE_SYS_STAT_H
| # include <sys/stat.h>
| #endif
| #ifdef STDC_HEADERS
| # include <stdlib.h>
| # include <stddef.h>
| #else
| # ifdef HAVE_STDLIB_H
| #  include <stdlib.h>
| # endif
| #endif
| #ifdef HAVE_STRING_H
| # if !defined STDC_HEADERS && defined HAVE_MEMORY_H
| #  include <memory.h>
| # endif
| # include <string.h>
| #endif
| #ifdef HAVE_STRINGS_H
| # include <strings.h>
| #endif
| #ifdef HAVE_INTTYPES_H
| # include <inttypes.h>
| #endif
| #ifdef HAVE_STDINT_H
| # include <stdint.h>
| #endif
| #ifdef HAVE_UNISTD_H
| # include <unistd.h>
| #endif
| #include <ltdl.h>
configure:18674: result: no
configure:18674: checking ltdl.h presence
configure:18674: gcc -E  conftest.c
conftest.c:43:18: fatal error: ltdl.h: No such file or directory
 #include <ltdl.h>
                  ^
compilation terminated.
configure:18674: $? = 1
configure: failed program was:
| /* confdefs.h */
| #define PACKAGE_NAME "gutenprint"
| #define PACKAGE_TARNAME "gutenprint"
| #define PACKAGE_VERSION "5.2.9"
| #define PACKAGE_STRING "gutenprint 5.2.9"
| #define PACKAGE_BUGREPORT "gimp-print-devel@lists.sourceforge.net"
| #define PACKAGE_URL ""
| #define PACKAGE "gutenprint"
| #define VERSION "5.2.9"
| #define STDC_HEADERS 1
| #define HAVE_SYS_TYPES_H 1
| #define HAVE_SYS_STAT_H 1
| #define HAVE_STDLIB_H 1
| #define HAVE_STRING_H 1
| #define HAVE_MEMORY_H 1
| #define HAVE_STRINGS_H 1
| #define HAVE_INTTYPES_H 1
| #define HAVE_STDINT_H 1
| #define HAVE_UNISTD_H 1
| #define HAVE_DLFCN_H 1
| #define LT_OBJDIR ".libs/"
| #define OSTYPE "linux"
| #define ENABLE_NLS 1
| #define HAVE_GETTEXT 1
| #define HAVE_DCGETTEXT 1
| #define HAVE_ICONV 1
| #define GUTENPRINT_RELEASE_VERSION "5.2"
| #define PACKAGE_LOCALE_DIR "/usr/local/share/locale"
| #define PACKAGE_DATA_DIR "/usr/local/share/gutenprint"
| #define PACKAGE_LIB_DIR "/usr/local/lib/gutenprint"
| #define PKGXMLDATADIR "/usr/local/share/gutenprint/5.2/xml"
| #define PKGMODULEDIR "/usr/local/lib/gutenprint/5.2/modules"
| #define HAVE_GCC_ATTRIBUTES 1
| #define HAVE_LIBREADLINE 0
| #define HAVE_LIBZ /**/
| #define STDC_HEADERS 1
| #define HAVE_GETOPT_H 1
| #define HAVE_DLFCN_H 1
| #define HAVE_FCNTL_H 1
| #define HAVE_LIMITS_H 1
| #define HAVE_LOCALE_H 1
| /* end confdefs.h.  */
| #include <ltdl.h>
configure:18674: result: no
configure:18674: checking for ltdl.h
configure:18674: result: no
configure:18687: checking stdarg.h usability
configure:18687: gcc -c  -O6  conftest.c >&5
configure:18687: $? = 0
configure:18687: result: yes
configure:18687: checking stdarg.h presence
configure:18687: gcc -E  conftest.c
configure:18687: $? = 0
configure:18687: result: yes
configure:18687: checking for stdarg.h
configure:18687: result: yes
configure:18687: checking for stdlib.h
configure:18687: result: yes
configure:18687: checking for string.h
configure:18687: result: yes
configure:18700: checking sys/time.h usability
configure:18700: gcc -c  -O6  conftest.c >&5
configure:18700: $? = 0
configure:18700: result: yes
configure:18700: checking sys/time.h presence
configure:18700: gcc -E  conftest.c
configure:18700: $? = 0
configure:18700: result: yes
configure:18700: checking for sys/time.h
configure:18700: result: yes
configure:18700: checking for sys/types.h
configure:18700: result: yes
configure:18712: checking time.h usability
configure:18712: gcc -c  -O6  conftest.c >&5
configure:18712: $? = 0
configure:18712: result: yes
configure:18712: checking time.h presence
configure:18712: gcc -E  conftest.c
configure:18712: $? = 0
configure:18712: result: yes
configure:18712: checking for time.h
configure:18712: result: yes
configure:18724: checking for unistd.h
configure:18724: result: yes
configure:18735: checking for an ANSI C-conforming const
configure:18800: gcc -c  -O6  conftest.c >&5
configure:18800: $? = 0
configure:18807: result: yes
configure:18815: checking for inline
configure:18831: gcc -c  -O6  conftest.c >&5
configure:18831: $? = 0
configure:18839: result: inline
configure:18857: checking for off_t
configure:18857: gcc -c  -O6  conftest.c >&5
configure:18857: $? = 0
configure:18857: gcc -c  -O6  conftest.c >&5
conftest.c: In function 'main':
conftest.c:86:20: error: expected expression before ')' token
 if (sizeof ((off_t)))
                    ^
configure:18857: $? = 1
configure: failed program was:
| /* confdefs.h */
| #define PACKAGE_NAME "gutenprint"
| #define PACKAGE_TARNAME "gutenprint"
| #define PACKAGE_VERSION "5.2.9"
| #define PACKAGE_STRING "gutenprint 5.2.9"
| #define PACKAGE_BUGREPORT "gimp-print-devel@lists.sourceforge.net"
| #define PACKAGE_URL ""
| #define PACKAGE "gutenprint"
| #define VERSION "5.2.9"
| #define STDC_HEADERS 1
| #define HAVE_SYS_TYPES_H 1
| #define HAVE_SYS_STAT_H 1
| #define HAVE_STDLIB_H 1
| #define HAVE_STRING_H 1
| #define HAVE_MEMORY_H 1
| #define HAVE_STRINGS_H 1
| #define HAVE_INTTYPES_H 1
| #define HAVE_STDINT_H 1
| #define HAVE_UNISTD_H 1
| #define HAVE_DLFCN_H 1
| #define LT_OBJDIR ".libs/"
| #define OSTYPE "linux"
| #define ENABLE_NLS 1
| #define HAVE_GETTEXT 1
| #define HAVE_DCGETTEXT 1
| #define HAVE_ICONV 1
| #define GUTENPRINT_RELEASE_VERSION "5.2"
| #define PACKAGE_LOCALE_DIR "/usr/local/share/locale"
| #define PACKAGE_DATA_DIR "/usr/local/share/gutenprint"
| #define PACKAGE_LIB_DIR "/usr/local/lib/gutenprint"
| #define PKGXMLDATADIR "/usr/local/share/gutenprint/5.2/xml"
| #define PKGMODULEDIR "/usr/local/lib/gutenprint/5.2/modules"
| #define HAVE_GCC_ATTRIBUTES 1
| #define HAVE_LIBREADLINE 0
| #define HAVE_LIBZ /**/
| #define STDC_HEADERS 1
| #define HAVE_GETOPT_H 1
| #define HAVE_DLFCN_H 1
| #define HAVE_FCNTL_H 1
| #define HAVE_LIMITS_H 1
| #define HAVE_LOCALE_H 1
| #define HAVE_STDARG_H 1
| #define HAVE_STDLIB_H 1
| #define HAVE_STRING_H 1
| #define HAVE_SYS_TIME_H 1
| #define HAVE_SYS_TYPES_H 1
| #define HAVE_TIME_H 1
| #define HAVE_UNISTD_H 1
| /* end confdefs.h.  */
| #include <stdio.h>
| #ifdef HAVE_SYS_TYPES_H
| # include <sys/types.h>
| #endif
| #ifdef HAVE_SYS_STAT_H
| # include <sys/stat.h>
| #endif
| #ifdef STDC_HEADERS
| # include <stdlib.h>
| # include <stddef.h>
| #else
| # ifdef HAVE_STDLIB_H
| #  include <stdlib.h>
| # endif
| #endif
| #ifdef HAVE_STRING_H
| # if !defined STDC_HEADERS && defined HAVE_MEMORY_H
| #  include <memory.h>
| # endif
| # include <string.h>
| #endif
| #ifdef HAVE_STRINGS_H
| # include <strings.h>
| #endif
| #ifdef HAVE_INTTYPES_H
| # include <inttypes.h>
| #endif
| #ifdef HAVE_STDINT_H
| # include <stdint.h>
| #endif
| #ifdef HAVE_UNISTD_H
| # include <unistd.h>
| #endif
| int
| main ()
| {
| if (sizeof ((off_t)))
| 	    return 0;
|   ;
|   return 0;
| }
configure:18857: result: yes
configure:18868: checking for size_t
configure:18868: gcc -c  -O6  conftest.c >&5
configure:18868: $? = 0
configure:18868: gcc -c  -O6  conftest.c >&5
conftest.c: In function 'main':
conftest.c:86:21: error: expected expression before ')' token
 if (sizeof ((size_t)))
                     ^
configure:18868: $? = 1
configure: failed program was:
| /* confdefs.h */
| #define PACKAGE_NAME "gutenprint"
| #define PACKAGE_TARNAME "gutenprint"
| #define PACKAGE_VERSION "5.2.9"
| #define PACKAGE_STRING "gutenprint 5.2.9"
| #define PACKAGE_BUGREPORT "gimp-print-devel@lists.sourceforge.net"
| #define PACKAGE_URL ""
| #define PACKAGE "gutenprint"
| #define VERSION "5.2.9"
| #define STDC_HEADERS 1
| #define HAVE_SYS_TYPES_H 1
| #define HAVE_SYS_STAT_H 1
| #define HAVE_STDLIB_H 1
| #define HAVE_STRING_H 1
| #define HAVE_MEMORY_H 1
| #define HAVE_STRINGS_H 1
| #define HAVE_INTTYPES_H 1
| #define HAVE_STDINT_H 1
| #define HAVE_UNISTD_H 1
| #define HAVE_DLFCN_H 1
| #define LT_OBJDIR ".libs/"
| #define OSTYPE "linux"
| #define ENABLE_NLS 1
| #define HAVE_GETTEXT 1
| #define HAVE_DCGETTEXT 1
| #define HAVE_ICONV 1
| #define GUTENPRINT_RELEASE_VERSION "5.2"
| #define PACKAGE_LOCALE_DIR "/usr/local/share/locale"
| #define PACKAGE_DATA_DIR "/usr/local/share/gutenprint"
| #define PACKAGE_LIB_DIR "/usr/local/lib/gutenprint"
| #define PKGXMLDATADIR "/usr/local/share/gutenprint/5.2/xml"
| #define PKGMODULEDIR "/usr/local/lib/gutenprint/5.2/modules"
| #define HAVE_GCC_ATTRIBUTES 1
| #define HAVE_LIBREADLINE 0
| #define HAVE_LIBZ /**/
| #define STDC_HEADERS 1
| #define HAVE_GETOPT_H 1
| #define HAVE_DLFCN_H 1
| #define HAVE_FCNTL_H 1
| #define HAVE_LIMITS_H 1
| #define HAVE_LOCALE_H 1
| #define HAVE_STDARG_H 1
| #define HAVE_STDLIB_H 1
| #define HAVE_STRING_H 1
| #define HAVE_SYS_TIME_H 1
| #define HAVE_SYS_TYPES_H 1
| #define HAVE_TIME_H 1
| #define HAVE_UNISTD_H 1
| /* end confdefs.h.  */
| #include <stdio.h>
| #ifdef HAVE_SYS_TYPES_H
| # include <sys/types.h>
| #endif
| #ifdef HAVE_SYS_STAT_H
| # include <sys/stat.h>
| #endif
| #ifdef STDC_HEADERS
| # include <stdlib.h>
| # include <stddef.h>
| #else
| # ifdef HAVE_STDLIB_H
| #  include <stdlib.h>
| # endif
| #endif
| #ifdef HAVE_STRING_H
| # if !defined STDC_HEADERS && defined HAVE_MEMORY_H
| #  include <memory.h>
| # endif
| # include <string.h>
| #endif
| #ifdef HAVE_STRINGS_H
| # include <strings.h>
| #endif
| #ifdef HAVE_INTTYPES_H
| # include <inttypes.h>
| #endif
| #ifdef HAVE_STDINT_H
| # include <stdint.h>
| #endif
| #ifdef HAVE_UNISTD_H
| # include <unistd.h>
| #endif
| int
| main ()
| {
| if (sizeof ((size_t)))
| 	    return 0;
|   ;
|   return 0;
| }
configure:18868: result: yes
configure:18879: checking return type of signal handlers
configure:18897: gcc -c  -O6  conftest.c >&5
conftest.c: In function 'main':
conftest.c:56:1: error: void value not ignored as it ought to be
 return *(signal (0, 0)) (0) == 1;
 ^
configure:18897: $? = 1
configure: failed program was:
| /* confdefs.h */
| #define PACKAGE_NAME "gutenprint"
| #define PACKAGE_TARNAME "gutenprint"
| #define PACKAGE_VERSION "5.2.9"
| #define PACKAGE_STRING "gutenprint 5.2.9"
| #define PACKAGE_BUGREPORT "gimp-print-devel@lists.sourceforge.net"
| #define PACKAGE_URL ""
| #define PACKAGE "gutenprint"
| #define VERSION "5.2.9"
| #define STDC_HEADERS 1
| #define HAVE_SYS_TYPES_H 1
| #define HAVE_SYS_STAT_H 1
| #define HAVE_STDLIB_H 1
| #define HAVE_STRING_H 1
| #define HAVE_MEMORY_H 1
| #define HAVE_STRINGS_H 1
| #define HAVE_INTTYPES_H 1
| #define HAVE_STDINT_H 1
| #define HAVE_UNISTD_H 1
| #define HAVE_DLFCN_H 1
| #define LT_OBJDIR ".libs/"
| #define OSTYPE "linux"
| #define ENABLE_NLS 1
| #define HAVE_GETTEXT 1
| #define HAVE_DCGETTEXT 1
| #define HAVE_ICONV 1
| #define GUTENPRINT_RELEASE_VERSION "5.2"
| #define PACKAGE_LOCALE_DIR "/usr/local/share/locale"
| #define PACKAGE_DATA_DIR "/usr/local/share/gutenprint"
| #define PACKAGE_LIB_DIR "/usr/local/lib/gutenprint"
| #define PKGXMLDATADIR "/usr/local/share/gutenprint/5.2/xml"
| #define PKGMODULEDIR "/usr/local/lib/gutenprint/5.2/modules"
| #define HAVE_GCC_ATTRIBUTES 1
| #define HAVE_LIBREADLINE 0
| #define HAVE_LIBZ /**/
| #define STDC_HEADERS 1
| #define HAVE_GETOPT_H 1
| #define HAVE_DLFCN_H 1
| #define HAVE_FCNTL_H 1
| #define HAVE_LIMITS_H 1
| #define HAVE_LOCALE_H 1
| #define HAVE_STDARG_H 1
| #define HAVE_STDLIB_H 1
| #define HAVE_STRING_H 1
| #define HAVE_SYS_TIME_H 1
| #define HAVE_SYS_TYPES_H 1
| #define HAVE_TIME_H 1
| #define HAVE_UNISTD_H 1
| /* end confdefs.h.  */
| #include <sys/types.h>
| #include <signal.h>
| 
| int
| main ()
| {
| return *(signal (0, 0)) (0) == 1;
|   ;
|   return 0;
| }
configure:18904: result: void
configure:18916: checking for nanosleep
configure:18916: gcc -o conftest  -O6   conftest.c  >&5
configure:18916: $? = 0
configure:18916: result: yes
configure:18916: checking for poll
configure:18916: gcc -o conftest  -O6   conftest.c  >&5
configure:18916: $? = 0
configure:18916: result: yes
configure:18916: checking for usleep
configure:18916: gcc -o conftest  -O6   conftest.c  >&5
configure:18916: $? = 0
configure:18916: result: yes
configure:18927: checking for getopt_long
configure:18927: gcc -o conftest  -O6   conftest.c  >&5
configure:18927: $? = 0
configure:18927: result: yes
configure:18937: checking for library containing finite
configure:18968: gcc -o conftest  -O6   conftest.c  >&5
conftest.c:62:6: warning: conflicting types for built-in function 'finite' [enabled by default]
 char finite ();
      ^
configure:18968: $? = 0
configure:18985: result: none required
configure:19263: checking which module system will be used
configure:19291: result: static
configure:19745: creating ./config.status

## ---------------------- ##
## Running config.status. ##
## ---------------------- ##

This file was extended by gutenprint config.status 5.2.9, which was
generated by GNU Autoconf 2.68.  Invocation command line was

  CONFIG_FILES    = 
  CONFIG_HEADERS  = 
  CONFIG_LINKS    = 
  CONFIG_COMMANDS = 
  $ ./config.status 

on localhost.localdomain

config.status:1325: creating Makefile
config.status:1325: creating doc/Makefile
config.status:1325: creating doc/gutenprint.dox
config.status:1325: creating doc/gutenprintui2.dox
config.status:1325: creating doc/developer/Makefile
config.status:1325: creating include/Makefile
config.status:1325: creating include/gutenprint/Makefile
config.status:1325: creating include/gutenprintui2/Makefile
config.status:1325: creating include/gutenprint/gutenprint-version.h
config.status:1325: creating man/Makefile
config.status:1325: creating man/cups-calibrate.8
config.status:1325: creating man/cups-genppd.8
config.status:1325: creating man/cups-genppdupdate.8
config.status:1325: creating man/escputil.1
config.status:1325: creating man/ijsgutenprint.1
config.status:1325: creating po/Makefile.in
config.status:1325: creating samples/Makefile
config.status:1325: creating src/Makefile
config.status:1325: creating src/cups/Makefile
config.status:1325: creating src/cups/Info.plist
config.status:1325: creating src/cups/cups-genppdupdate
config.status:1325: creating src/escputil/Makefile
config.status:1325: creating src/foomatic/Makefile
config.status:1325: creating src/foomatic/foomatic-generator
config.status:1325: creating src/foomatic/mk_printerlist
config.status:1325: creating src/testpattern/run-testpattern-2
config.status:1325: creating src/cups/test-rastertogutenprint
config.status:1325: creating src/ghost/Makefile
config.status:1325: creating src/testpattern/Makefile
config.status:1325: creating src/gimp2/Makefile
config.status:1325: creating src/main/Makefile
config.status:1325: creating src/main/gutenprint.pc
config.status:1325: creating src/xml/Makefile
config.status:1325: creating src/xml/escp2/Makefile
config.status:1325: creating src/xml/escp2/media/Makefile
config.status:1325: creating src/xml/escp2/mediasizes/Makefile
config.status:1325: creating src/xml/escp2/model/Makefile
config.status:1325: creating src/xml/escp2/inputslots/Makefile
config.status:1325: creating src/xml/escp2/inks/Makefile
config.status:1325: creating src/xml/escp2/weaves/Makefile
config.status:1325: creating src/xml/escp2/qualitypresets/Makefile
config.status:1325: creating src/gutenprintui2/Makefile
config.status:1325: creating src/gutenprintui2/gutenprintui2.pc
config.status:1325: creating test/Makefile
config.status:1325: creating scripts/Makefile
config.status:1325: creating config.h
config.status:1506: config.h is unchanged
config.status:1554: executing depfiles commands
config.status:1554: executing libtool commands
config.status:1554: executing po-directories commands
config.status:1554: executing default commands

## ---------------- ##
## Cache variables. ##
## ---------------- ##

ac_cv_build=i686-pc-linux-gnu
ac_cv_c_compiler_gnu=yes
ac_cv_c_const=yes
ac_cv_c_inline=inline
ac_cv_env_CC_set=
ac_cv_env_CC_value=
ac_cv_env_CFLAGS_set=
ac_cv_env_CFLAGS_value=
ac_cv_env_CPPFLAGS_set=
ac_cv_env_CPPFLAGS_value=
ac_cv_env_CPP_set=
ac_cv_env_CPP_value=
ac_cv_env_GIMP2_CFLAGS_set=
ac_cv_env_GIMP2_CFLAGS_value=
ac_cv_env_GIMP2_LIBS_set=
ac_cv_env_GIMP2_LIBS_value=
ac_cv_env_GTK2_CFLAGS_set=
ac_cv_env_GTK2_CFLAGS_value=
ac_cv_env_GTK2_LIBS_set=
ac_cv_env_GTK2_LIBS_value=
ac_cv_env_LDFLAGS_set=
ac_cv_env_LDFLAGS_value=
ac_cv_env_LIBS_set=
ac_cv_env_LIBS_value=
ac_cv_env_PKG_CONFIG_LIBDIR_set=
ac_cv_env_PKG_CONFIG_LIBDIR_value=
ac_cv_env_PKG_CONFIG_PATH_set=
ac_cv_env_PKG_CONFIG_PATH_value=
ac_cv_env_PKG_CONFIG_set=
ac_cv_env_PKG_CONFIG_value=
ac_cv_env_YACC_set=
ac_cv_env_YACC_value=
ac_cv_env_YFLAGS_set=
ac_cv_env_YFLAGS_value=
ac_cv_env_build_alias_set=
ac_cv_env_build_alias_value=
ac_cv_env_host_alias_set=
ac_cv_env_host_alias_value=
ac_cv_env_target_alias_set=
ac_cv_env_target_alias_value=
ac_cv_func_dlopen=no
ac_cv_func_getopt_long=yes
ac_cv_func_nanosleep=yes
ac_cv_func_poll=yes
ac_cv_func_shl_load=no
ac_cv_func_usleep=yes
ac_cv_header_dlfcn_h=yes
ac_cv_header_fcntl_h=yes
ac_cv_header_getopt_h=yes
ac_cv_header_inttypes_h=yes
ac_cv_header_limits_h=yes
ac_cv_header_locale_h=yes
ac_cv_header_ltdl_h=no
ac_cv_header_memory_h=yes
ac_cv_header_readline_readline_h=no
ac_cv_header_stdarg_h=yes
ac_cv_header_stdc=yes
ac_cv_header_stdint_h=yes
ac_cv_header_stdlib_h=yes
ac_cv_header_string_h=yes
ac_cv_header_strings_h=yes
ac_cv_header_sys_stat_h=yes
ac_cv_header_sys_time_h=yes
ac_cv_header_sys_types_h=yes
ac_cv_header_time_h=yes
ac_cv_header_unistd_h=yes
ac_cv_host=i686-pc-linux-gnu
ac_cv_lib_cposix_strerror=no
ac_cv_lib_dl_dlopen=yes
ac_cv_lib_dld_shl_load=no
ac_cv_lib_ltdl_lt_dlopen=no
ac_cv_lib_m_pow=yes
ac_cv_lib_readline_readline=no
ac_cv_lib_z_gzgets=yes
ac_cv_objext=o
ac_cv_path_CUPS_CONFIG=/usr/bin/cups-config
ac_cv_path_DVIPDF=/usr/bin/dvipdf
ac_cv_path_EGREP='/usr/bin/grep -E'
ac_cv_path_FGREP='/usr/bin/grep -F'
ac_cv_path_FIND=/usr/bin/find
ac_cv_path_GMSGFMT=/usr/bin/msgfmt
ac_cv_path_GREP=/usr/bin/grep
ac_cv_path_MSGFMT=/usr/bin/msgfmt
ac_cv_path_MSGMERGE=/usr/bin/msgmerge
ac_cv_path_PERL=/usr/bin/perl
ac_cv_path_SED=/usr/bin/sed
ac_cv_path_TEST=/usr/bin/test
ac_cv_path_TRUE=/usr/bin/true
ac_cv_path_XGETTEXT=/usr/bin/xgettext
ac_cv_path_ac_pt_PKG_CONFIG=/usr/bin/pkg-config
ac_cv_path_install='/usr/bin/install -c'
ac_cv_path_mkdir=/usr/bin/mkdir
ac_cv_prog_AWK=gawk
ac_cv_prog_CPP='gcc -E'
ac_cv_prog_ac_ct_AR=ar
ac_cv_prog_ac_ct_CC=gcc
ac_cv_prog_ac_ct_OBJDUMP=objdump
ac_cv_prog_ac_ct_RANLIB=ranlib
ac_cv_prog_ac_ct_STRIP=strip
ac_cv_prog_cc_c89=
ac_cv_prog_cc_g=yes
ac_cv_prog_cc_gcc_c_o=yes
ac_cv_prog_make_make_set=yes
ac_cv_search_finite='none required'
ac_cv_type_off_t=yes
ac_cv_type_signal=void
ac_cv_type_size_t=yes
acl_cv_hardcode_direct=no
acl_cv_hardcode_libdir_flag_spec='${wl}-rpath ${wl}$libdir'
acl_cv_hardcode_libdir_separator=
acl_cv_hardcode_minus_L=no
acl_cv_libext=a
acl_cv_path_LD=/usr/bin/ld
acl_cv_prog_gnu_ld=yes
acl_cv_rpath=done
acl_cv_shlibext=so
acl_cv_wl=-Wl,
am_cv_CC_dependencies_compiler_type=gcc3
am_cv_func_iconv=yes
am_cv_lib_iconv=no
am_cv_prog_cc_stdc=
am_cv_prog_tar_ustar=gnutar
gt_cv_func_CFLocaleCopyCurrent=no
gt_cv_func_CFPreferencesCopyAppValue=no
gt_cv_func_gnugettext1_libc=yes
lt_cv_ar_at_file=@
lt_cv_archive_cmds_need_lc=no
lt_cv_deplibs_check_method=pass_all
lt_cv_dlopen=dlopen
lt_cv_dlopen_libs=-ldl
lt_cv_dlopen_self=yes
lt_cv_dlopen_self_static=yes
lt_cv_file_magic_cmd='$MAGIC_CMD'
lt_cv_file_magic_test_file=
lt_cv_ld_reload_flag=-r
lt_cv_nm_interface='BSD nm'
lt_cv_objdir=.libs
lt_cv_path_LD=/usr/bin/ld
lt_cv_path_NM='/usr/bin/nm -B'
lt_cv_path_mainfest_tool=no
lt_cv_prog_compiler_c_o=yes
lt_cv_prog_compiler_pic='-fPIC -DPIC'
lt_cv_prog_compiler_pic_works=yes
lt_cv_prog_compiler_rtti_exceptions=no
lt_cv_prog_compiler_static_works=no
lt_cv_prog_gnu_ld=yes
lt_cv_sharedlib_from_linklib_cmd='printf %s\n'
lt_cv_shlibpath_overrides_runpath=no
lt_cv_sys_global_symbol_pipe='sed -n -e '\''s/^.*[	 ]\([ABCDGIRSTW][ABCDGIRSTW]*\)[	 ][	 ]*\([_A-Za-z][_A-Za-z0-9]*\)$/\1 \2 \2/p'\'' | sed '\''/ __gnu_lto/d'\'''
lt_cv_sys_global_symbol_to_c_name_address='sed -n -e '\''s/^: \([^ ]*\)[ ]*$/  {\"\1\", (void *) 0},/p'\'' -e '\''s/^[ABCDGIRSTW]* \([^ ]*\) \([^ ]*\)$/  {"\2", (void *) \&\2},/p'\'''
lt_cv_sys_global_symbol_to_c_name_address_lib_prefix='sed -n -e '\''s/^: \([^ ]*\)[ ]*$/  {\"\1\", (void *) 0},/p'\'' -e '\''s/^[ABCDGIRSTW]* \([^ ]*\) \(lib[^ ]*\)$/  {"\2", (void *) \&\2},/p'\'' -e '\''s/^[ABCDGIRSTW]* \([^ ]*\) \([^ ]*\)$/  {"lib\2", (void *) \&\2},/p'\'''
lt_cv_sys_global_symbol_to_cdecl='sed -n -e '\''s/^T .* \(.*\)$/extern int \1();/p'\'' -e '\''s/^[ABCDGIRSTW]* .* \(.*\)$/extern char \1;/p'\'''
lt_cv_sys_max_cmd_len=1572864
lt_cv_to_host_file_cmd=func_convert_file_noop
lt_cv_to_tool_file_cmd=func_convert_file_noop

## ----------------- ##
## Output variables. ##
## ----------------- ##

ACLOCAL='${SHELL} /home/tatung/gutenprint-5.2.9/scripts/missing --run aclocal-1.11'
ALL_LINGUAS='cs da de el en_GB es fi fr gl hu it ja nb nl pl pt ru sk sl sv uk zh_CN zh_TW'
AMDEPBACKSLASH='\'
AMDEP_FALSE='#'
AMDEP_TRUE=''
AMTAR='${SHELL} /home/tatung/gutenprint-5.2.9/scripts/missing --run tar'
AR='ar'
AUTOCONF='${SHELL} /home/tatung/gutenprint-5.2.9/scripts/missing --run autoconf'
AUTOHEADER='${SHELL} /home/tatung/gutenprint-5.2.9/scripts/missing --run autoheader'
AUTOMAKE='${SHELL} /home/tatung/gutenprint-5.2.9/scripts/missing --run automake-1.11'
AWK='gawk'
BUILD_CUPS_1_2_FALSE='#'
BUILD_CUPS_1_2_TRUE=''
BUILD_CUPS_FALSE='#'
BUILD_CUPS_PPDS='no'
BUILD_CUPS_PPDS_FALSE=''
BUILD_CUPS_PPDS_TRUE='#'
BUILD_CUPS_TRUE=''
BUILD_DOC_FALSE='#'
BUILD_DOC_TRUE=''
BUILD_ESCPUTIL_FALSE='#'
BUILD_ESCPUTIL_TRUE=''
BUILD_FOOMATIC_3_FALSE=''
BUILD_FOOMATIC_3_TRUE='#'
BUILD_FOOMATIC_FALSE=''
BUILD_FOOMATIC_TRUE='#'
BUILD_GENPPD_STATIC_FALSE='#'
BUILD_GENPPD_STATIC_TRUE=''
BUILD_GHOSTSCRIPT_FALSE=''
BUILD_GHOSTSCRIPT_TRUE='#'
BUILD_GIMP2_AS_GUTENPRINT_FALSE=''
BUILD_GIMP2_AS_GUTENPRINT_TRUE='#'
BUILD_GIMP2_FALSE=''
BUILD_GIMP2_TRUE='#'
BUILD_GLOBALIZED_CUPS_PPDS_FALSE=''
BUILD_GLOBALIZED_CUPS_PPDS_TRUE='#'
BUILD_LIBGUTENPRINTUI2_FALSE=''
BUILD_LIBGUTENPRINTUI2_TRUE='#'
BUILD_MODULES_FALSE=''
BUILD_MODULES_TRUE='#'
BUILD_SIMPLIFIED_CUPS_PPDS_FALSE=''
BUILD_SIMPLIFIED_CUPS_PPDS_TRUE='#'
BUILD_TESTPATTERN_FALSE='#'
BUILD_TESTPATTERN_TRUE=''
BUILD_TEST_FALSE='#'
BUILD_TEST_TRUE=''
BUILD_TRANSLATED_CUPS_PPDS_FALSE=''
BUILD_TRANSLATED_CUPS_PPDS_TRUE='#'
CC='gcc'
CCDEPMODE='depmode=gcc3'
CFLAGS='-Disfinite=finite  -O6'
CONVERT=''
CPP='gcc -E'
CPPFLAGS=''
CUPS_CFLAGS=''
CUPS_CONFIG='/usr/bin/cups-config'
CUPS_LIBS=' -lcupsimage -lcups -lgssapi_krb5 -lkrb5 -lk5crypto -lcom_err -lz -lpthread -lm -lcrypt -lz'
CUPS_PPDS_AT_TOP_LEVEL_FALSE=''
CUPS_PPDS_AT_TOP_LEVEL_TRUE='#'
CUPS_PPD_PS_LEVEL='3'
CYGPATH_W='echo'
DB2HTML=''
DB2PDF=''
DB2PS=''
DEFS='-DHAVE_CONFIG_H'
DEPDIR='.deps'
DIALOG=''
DLLTOOL='false'
DOXYGEN=''
DSYMUTIL=''
DUMPBIN=''
DVIPDF='/usr/bin/dvipdf'
DVIPS=''
ECHO_C=''
ECHO_N='-n'
ECHO_T=''
EGREP='/usr/bin/grep -E'
EXEEXT=''
FGREP='/usr/bin/grep -F'
FIND='/usr/bin/find'
FOOMATIC_CONFIGURE=''
FOOMATIC_KITLOAD=''
FOOMATIC_PPDFILE=''
GENPPD_LIBS='-lz'
GIMP2_CFLAGS=''
GIMP2_LIBS=''
GIMPTOOL2_CHECK=''
GLIB_MKENUMS=''
GMSGFMT='/usr/bin/msgfmt'
GMSGFMT_015='/usr/bin/msgfmt'
GNUCFLAGS=' -Wall -Wcast-align -Wstrict-prototypes -Wmissing-prototypes -Wmissing-declarations -Wnested-externs -Wwrite-strings -Werror-implicit-function-declaration -Winline -Wformat=2 -finline-limit=131072'
GREP='/usr/bin/grep'
GTK2_CFLAGS=''
GTK2_LIBS=''
GUTENPRINTUI2_BINARY_AGE='0'
GUTENPRINTUI2_CFLAGS=''
GUTENPRINTUI2_CURRENT_INTERFACE='1'
GUTENPRINTUI2_INTERFACE_AGE='0'
GUTENPRINTUI2_LIBDEPS=' -lm -lm'
GUTENPRINTUI2_LIBS='-lgutenprintui2'
GUTENPRINTUI2_VERSION=''
GUTENPRINT_BINARY_AGE='1'
GUTENPRINT_CFLAGS=''
GUTENPRINT_CURRENT_INTERFACE='3'
GUTENPRINT_INTERFACE_AGE='0'
GUTENPRINT_LIBDEPS=' -lm'
GUTENPRINT_LIBS='-lgutenprint'
GUTENPRINT_MAJOR_VERSION='5'
GUTENPRINT_MICRO_VERSION='9'
GUTENPRINT_MINOR_VERSION='2'
GUTENPRINT_VERSION='5.2.9'
IJS_CFLAGS=''
IJS_CONFIG=''
IJS_LIBS=''
INSTALL_DATA='${INSTALL} -m 644'
INSTALL_PROGRAM='${INSTALL}'
INSTALL_SAMPLES_FALSE='#'
INSTALL_SAMPLES_TRUE=''
INSTALL_SCRIPT='${INSTALL}'
INSTALL_STRIP_PROGRAM='$(install_sh) -c -s'
INSTALL_USER_GUIDE_FALSE=''
INSTALL_USER_GUIDE_TRUE='#'
INTLLIBS=''
INTL_MACOSX_LIBS=''
LD='/usr/bin/ld'
LDFLAGS=''
LEX='${SHELL} /home/tatung/gutenprint-5.2.9/scripts/missing --run flex'
LEXLIB=''
LEX_OUTPUT_ROOT=''
LIBICONV=''
LIBINTL=''
LIBM='-lm'
LIBOBJS=''
LIBREADLINE_DEPS=''
LIBS=''
LIBTOOL='$(SHELL) $(top_builddir)/libtool'
LIBTOOL_DEPS='scripts/ltmain.sh'
LIPO=''
LN_S='ln -s'
LTALLOCA=''
LTLIBICONV=''
LTLIBINTL=''
LTLIBOBJS=''
MAINT='#'
MAINTAINER_CFLAGS=''
MAINTAINER_MODE_FALSE=''
MAINTAINER_MODE_TRUE='#'
MAKEINFO='${SHELL} /home/tatung/gutenprint-5.2.9/scripts/missing --run makeinfo'
MANIFEST_TOOL=':'
MKDIR_P='/usr/bin/mkdir -p'
MSGFMT='/usr/bin/msgfmt'
MSGFMT_015='/usr/bin/msgfmt'
MSGMERGE='/usr/bin/msgmerge'
NM='/usr/bin/nm -B'
NMEDIT=''
OBJDUMP='objdump'
OBJEXT='o'
OTOOL64=''
OTOOL=''
PACKAGE='gutenprint'
PACKAGE_BUGREPORT='gimp-print-devel@lists.sourceforge.net'
PACKAGE_NAME='gutenprint'
PACKAGE_STRING='gutenprint 5.2.9'
PACKAGE_TARNAME='gutenprint'
PACKAGE_URL=''
PACKAGE_VERSION='5.2.9'
PATH_SEPARATOR=':'
PERL='/usr/bin/perl'
PKG_CONFIG='/usr/bin/pkg-config'
PKG_CONFIG_LIBDIR=''
PKG_CONFIG_PATH=''
PLUG_IN_PATH='admin-bin'
POSUB='po'
RANLIB='ranlib'
RELEASE_DATE='07 Jul 2012'
RM='rm'
SED='/usr/bin/sed'
SET_MAKE=''
SHELL='/bin/sh'
STRIP='strip'
TEST='/usr/bin/test'
TEXI2HTML=''
TRUE='/usr/bin/true'
USE_LEVEL3_PS_FALSE='#'
USE_LEVEL3_PS_TRUE=''
USE_NLS='yes'
USE_NLS_FALSE='#'
USE_NLS_TRUE=''
VERSION='5.2.9'
WHICH_PPDS=''
XGETTEXT='/usr/bin/xgettext'
XGETTEXT_015='/usr/bin/xgettext'
YACC='yacc'
YFLAGS=''
ac_ct_AR='ar'
ac_ct_CC='gcc'
ac_ct_DUMPBIN=''
am__EXEEXT_FALSE=''
am__EXEEXT_TRUE='#'
am__fastdepCC_FALSE='#'
am__fastdepCC_TRUE=''
am__include='include'
am__isrc=''
am__leading_dot='.'
am__quote=''
am__tar='tar --format=ustar -chf - "$$tardir"'
am__untar='tar -xf -'
bindir='${exec_prefix}/bin'
build='i686-pc-linux-gnu'
build_alias=''
build_cpu='i686'
build_os='linux-gnu'
build_vendor='pc'
cups_bindir='/usr/bin'
cups_conf_datadir='/usr/share/cups'
cups_conf_serverbin='/usr/lib/cups'
cups_conf_serverroot='/etc/cups'
cups_exec_prefix='/usr'
cups_prefix='/usr'
cups_sbindir='/usr/sbin'
datadir='${datarootdir}'
datarootdir='${prefix}/share'
docdir='${datarootdir}/doc/${PACKAGE_TARNAME}'
dvidir='${docdir}'
exec_prefix='${prefix}'
gimp2_plug_indir=''
gutenprint_cflags=''
gutenprint_libdeps=' -lm'
gutenprint_libs='-lgutenprint  -lm'
gutenprintui2_cflags=''
gutenprintui2_libdeps=' -lm -lm'
gutenprintui2_libs='-lgutenprintui2  -lm -lm'
host='i686-pc-linux-gnu'
host_alias=''
host_cpu='i686'
host_os='linux-gnu'
host_vendor='pc'
htmldir='${docdir}'
includedir='${prefix}/include'
infodir='${datarootdir}/info'
install_sh='${SHELL} /home/tatung/gutenprint-5.2.9/scripts/install-sh'
libdir='${exec_prefix}/lib'
libexecdir='${exec_prefix}/libexec'
localedir='${datarootdir}/locale'
localstatedir='${prefix}/var'
mandir='${datarootdir}/man'
mkdir_p='/usr/bin/mkdir -p'
oldincludedir='/usr/include'
pdfdir='${docdir}'
prefix='/usr/local'
program_transform_name='s,x,x,'
psdir='${docdir}'
sbindir='${exec_prefix}/sbin'
sharedstatedir='${prefix}/com'
sysconfdir='${prefix}/etc'
target_alias=''

## ----------- ##
## confdefs.h. ##
## ----------- ##

/* confdefs.h */
#define PACKAGE_NAME "gutenprint"
#define PACKAGE_TARNAME "gutenprint"
#define PACKAGE_VERSION "5.2.9"
#define PACKAGE_STRING "gutenprint 5.2.9"
#define PACKAGE_BUGREPORT "gimp-print-devel@lists.sourceforge.net"
#define PACKAGE_URL ""
#define PACKAGE "gutenprint"
#define VERSION "5.2.9"
#define STDC_HEADERS 1
#define HAVE_SYS_TYPES_H 1
#define HAVE_SYS_STAT_H 1
#define HAVE_STDLIB_H 1
#define HAVE_STRING_H 1
#define HAVE_MEMORY_H 1
#define HAVE_STRINGS_H 1
#define HAVE_INTTYPES_H 1
#define HAVE_STDINT_H 1
#define HAVE_UNISTD_H 1
#define HAVE_DLFCN_H 1
#define LT_OBJDIR ".libs/"
#define OSTYPE "linux"
#define ENABLE_NLS 1
#define HAVE_GETTEXT 1
#define HAVE_DCGETTEXT 1
#define HAVE_ICONV 1
#define GUTENPRINT_RELEASE_VERSION "5.2"
#define PACKAGE_LOCALE_DIR "/usr/local/share/locale"
#define PACKAGE_DATA_DIR "/usr/local/share/gutenprint"
#define PACKAGE_LIB_DIR "/usr/local/lib/gutenprint"
#define PKGXMLDATADIR "/usr/local/share/gutenprint/5.2/xml"
#define PKGMODULEDIR "/usr/local/lib/gutenprint/5.2/modules"
#define HAVE_GCC_ATTRIBUTES 1
#define HAVE_LIBREADLINE 0
#define HAVE_LIBZ /**/
#define STDC_HEADERS 1
#define HAVE_GETOPT_H 1
#define HAVE_DLFCN_H 1
#define HAVE_FCNTL_H 1
#define HAVE_LIMITS_H 1
#define HAVE_LOCALE_H 1
#define HAVE_STDARG_H 1
#define HAVE_STDLIB_H 1
#define HAVE_STRING_H 1
#define HAVE_SYS_TIME_H 1
#define HAVE_SYS_TYPES_H 1
#define HAVE_TIME_H 1
#define HAVE_UNISTD_H 1
#define RETSIGTYPE void
#define HAVE_NANOSLEEP 1
#define HAVE_POLL 1
#define HAVE_USLEEP 1
#define HAVE_GETOPT_LONG 1
#define CUPS_DATADIR "/usr/share/cups"
#define CUPS_MODELDIR "/usr/share/cups/model/gutenprint/5.2/"
#define CUPS_PPD_NICKNAME_STRING " - CUPS+Gutenprint v"
#define CUPS_PPD_PS_LEVEL 3
#define RELEASE_DATE "07 Jul 2012"

configure: exit 0
